<?xml version="1.0" encoding="UTF-8"?>
<!-- Generated by org.testng.reporters.JUnitReportReporter -->
<testsuite hostname="Nexgen84" failures="0" tests="8" name="com.runway.test.ui.SyncData" time="284.663" errors="0" timestamp="2022-12-20T15:42:08 IST" skipped="0">
  <testcase classname="com.runway.test.ui.SyncData" name="syncDataUITest" time="48.864"/>
  <testcase classname="com.runway.test.ui.SyncData" name="syncDataLableTest" time="3.167"/>
  <testcase classname="com.runway.test.ui.SyncData" name="syncStatus" time="30.659"/>
  <testcase classname="com.runway.test.ui.SyncData" name="jobTriggeredTimeTest" time="134.911"/>
  <testcase classname="com.runway.test.ui.SyncData" name="syncDataSuccessStatusTest" time="24.344"/>
  <testcase classname="com.runway.test.ui.SyncData" name="syncDataFailedStatusTest" time="21.286"/>
  <testcase classname="com.runway.test.ui.SyncData" name="reprocessTestForFailedNoPODetails" time="18.372"/>
  <testcase classname="com.runway.test.ui.SyncData" name="reprocessForFailedJobs" time="3.060"/>
</testsuite> <!-- com.runway.test.ui.SyncData -->
