<?xml version="1.0" encoding="UTF-8"?>
<!-- Generated by org.testng.reporters.JUnitReportReporter -->
<testsuite hostname="Nexgen84" failures="0" tests="15" name="com.runway.test.ui.NegativeOTSByDateTest" time="887.322" errors="0" timestamp="2022-12-20T12:25:24 IST" skipped="0">
  <testcase classname="com.runway.test.ui.NegativeOTSByDateTest" name="login" time="12.526"/>
  <testcase classname="com.runway.test.ui.NegativeOTSByDateTest" name="otsDateTestCheckEmptyDate" time="27.854"/>
  <testcase classname="com.runway.test.ui.NegativeOTSByDateTest" name="otsDateEmptyDateFieldAndErrorMessage" time="6.099"/>
  <testcase classname="com.runway.test.ui.NegativeOTSByDateTest" name="runReportWithEmptyDate" time="10.230"/>
  <testcase classname="com.runway.test.ui.NegativeOTSByDateTest" name="otsDatePastDateTest" time="12.393"/>
  <testcase classname="com.runway.test.ui.NegativeOTSByDateTest" name="otsDatePastDateErrorText" time="6.120"/>
  <testcase classname="com.runway.test.ui.NegativeOTSByDateTest" name="otsDatefutureDate" time="627.414"/>
  <testcase classname="com.runway.test.ui.NegativeOTSByDateTest" name="otsDateAddDateFieldFutureDayTest" time="15.327"/>
  <testcase classname="com.runway.test.ui.NegativeOTSByDateTest" name="addedDateFieldTest" time="9.310"/>
  <testcase classname="com.runway.test.ui.NegativeOTSByDateTest" name="otsDatePresentDate" time="25.957"/>
  <testcase classname="com.runway.test.ui.NegativeOTSByDateTest" name="runReportWithSameDate" time="27.944"/>
  <testcase classname="com.runway.test.ui.NegativeOTSByDateTest" name="runReportWithPastDate" time="33.937"/>
  <testcase classname="com.runway.test.ui.NegativeOTSByDateTest" name="runReportWithPastDateField" time="33.960"/>
  <testcase classname="com.runway.test.ui.NegativeOTSByDateTest" name="runReportDatePresentDate" time="22.644"/>
  <testcase classname="com.runway.test.ui.NegativeOTSByDateTest" name="runReportDateNoOption" time="15.607"/>
</testsuite> <!-- com.runway.test.ui.NegativeOTSByDateTest -->
