<?xml version="1.0" encoding="UTF-8"?>
<!-- Generated by org.testng.reporters.JUnitReportReporter -->
<testsuite hostname="Nexgen84" failures="0" tests="14" name="com.ots.test.ui.LoginTest" time="252.021" errors="0" timestamp="2022-11-23T18:14:49 IST" skipped="0">
  <testcase classname="com.ots.test.ui.LoginTest" name="loginComponentsWithScanIsTrue" time="15.988"/>
  <testcase classname="com.ots.test.ui.LoginTest" name="loginComponentsWithScanIdIsFalse" time="13.204"/>
  <testcase classname="com.ots.test.ui.LoginTest" name="loginWithEmptyDetails" time="9.277"/>
  <testcase classname="com.ots.test.ui.LoginTest" name="loginEmptyUserNameAndValidPassword" time="13.443"/>
  <testcase classname="com.ots.test.ui.LoginTest" name="loginWithValidUserNameAndEmptyPassword" time="13.585"/>
  <testcase classname="com.ots.test.ui.LoginTest" name="loginWithValidUserNameAndInvalidPassword" time="16.724"/>
  <testcase classname="com.ots.test.ui.LoginTest" name="inValidUserNameAndValidPassword" time="16.606"/>
  <testcase classname="com.ots.test.ui.LoginTest" name="invalidUserNameAndPassword" time="16.913"/>
  <testcase classname="com.ots.test.ui.LoginTest" name="validUserNameAndEmptyPassword" time="13.659"/>
  <testcase classname="com.ots.test.ui.LoginTest" name="emptyUserNameAndvalidPassword" time="13.702"/>
  <testcase classname="com.ots.test.ui.LoginTest" name="invalidUserNameInScanId" time="32.628"/>
  <testcase classname="com.ots.test.ui.LoginTest" name="inValidScanIDandValidUserNameAndPassword" time="36.910"/>
  <testcase classname="com.ots.test.ui.LoginTest" name="validScanIdAndInvalidUserNamePassword" time="23.075"/>
  <testcase classname="com.ots.test.ui.LoginTest" name="validScanID" time="16.307"/>
</testsuite> <!-- com.ots.test.ui.LoginTest -->
