<?xml version="1.0" encoding="UTF-8"?>
<!-- Generated by org.testng.reporters.JUnitReportReporter -->
<testsuite hostname="Nexgen84" failures="0" tests="7" name="com.ots.test.api.OTSApiTest" time="23.442" errors="0" timestamp="2022-11-16T18:08:00 IST" skipped="1">
  <testcase classname="com.ots.test.api.OTSApiTest" name="authenticate" time="5.164"/>
  <testcase classname="com.ots.test.api.OTSApiTest" name="securityCodeAndZone" time="3.779"/>
  <testcase classname="com.ots.test.api.OTSApiTest" name="getAccessTokenApi" time="2.250"/>
  <testcase classname="com.ots.test.api.OTSApiTest" name="getWarehouse" time="4.977"/>
  <testcase classname="com.ots.test.api.OTSApiTest" name="jobManagerCreateJob" time="5.042"/>
  <testcase classname="com.ots.test.api.OTSApiTest" name="jobManagerGetJob" time="2.230"/>
  <testcase classname="com.ots.test.api.OTSApiTest" name="login">
    <skipped/>
  </testcase> <!-- login -->
</testsuite> <!-- com.ots.test.api.OTSApiTest -->
