<?xml version="1.0" encoding="UTF-8"?>
<!-- Generated by org.testng.reporters.JUnitReportReporter -->
<testsuite hostname="Nexgen84" failures="0" tests="2" name="com.runway.test.ui.SyncManuallyTest" time="36.192" errors="0" timestamp="2022-12-20T15:53:23 IST" skipped="0">
  <testcase classname="com.runway.test.ui.SyncManuallyTest" name="syncManuallyUIscreen" time="27.049"/>
  <testcase classname="com.runway.test.ui.SyncManuallyTest" name="syncManualyUITest1" time="9.143"/>
</testsuite> <!-- com.runway.test.ui.SyncManuallyTest -->
