<?xml version="1.0" encoding="UTF-8"?>
<!-- Generated by org.testng.reporters.JUnitReportReporter -->
<testsuite hostname="Nexgen84" failures="0" tests="8" name="com.runway.test.api.MondaycomApiTest" time="4.510" errors="0" timestamp="2022-12-13T20:15:48 IST" skipped="6">
  <testcase classname="com.runway.test.api.MondaycomApiTest" name="GetSyncDataDetails" time="3.564"/>
  <testcase classname="com.runway.test.api.MondaycomApiTest" name="GetBoardsDetails" time="0.946"/>
  <testcase classname="com.runway.test.api.MondaycomApiTest" name="PurchaseOrderByNumber">
    <skipped/>
  </testcase> <!-- PurchaseOrderByNumber -->
  <testcase classname="com.runway.test.api.MondaycomApiTest" name="CustomerDetailsTest">
    <skipped/>
  </testcase> <!-- CustomerDetailsTest -->
  <testcase classname="com.runway.test.api.MondaycomApiTest" name="GetPODetailsTest">
    <skipped/>
  </testcase> <!-- GetPODetailsTest -->
  <testcase classname="com.runway.test.api.MondaycomApiTest" name="toGetJobs">
    <skipped/>
  </testcase> <!-- toGetJobs -->
  <testcase classname="com.runway.test.api.MondaycomApiTest" name="GetSettingsService">
    <skipped/>
  </testcase> <!-- GetSettingsService -->
  <testcase classname="com.runway.test.api.MondaycomApiTest" name="GetStyleById">
    <skipped/>
  </testcase> <!-- GetStyleById -->
</testsuite> <!-- com.runway.test.api.MondaycomApiTest -->
