<?xml version="1.0" encoding="UTF-8"?>
<!-- Generated by org.testng.reporters.JUnitReportReporter -->
<testsuite hostname="Nexgen84" failures="0" tests="50" name="com.ots.test.ui.OTSByDateTest" time="470.205" errors="0" timestamp="2022-11-15T13:15:56 IST" skipped="3">
  <testcase classname="com.ots.test.ui.OTSByDateTest" name="navigateToOTSbyDate" time="60.224"/>
  <testcase classname="com.ots.test.ui.OTSByDateTest" name="sidebarMenuOptionAndLogoTest" time="15.261"/>
  <testcase classname="com.ots.test.ui.OTSByDateTest" name="NavigationToReports" time="14.305"/>
  <testcase classname="com.ots.test.ui.OTSByDateTest" name="sidebarMinimizer" time="6.144"/>
  <testcase classname="com.ots.test.ui.OTSByDateTest" name="headerNameAndClientIdOTSbyDate" time="23.818"/>
  <testcase classname="com.ots.test.ui.OTSByDateTest" name="sidebarMinimizerTest" time="6.119"/>
  <testcase classname="com.ots.test.ui.OTSByDateTest" name="sidebarMinimizercssTest" time="6.120"/>
  <testcase classname="com.ots.test.ui.OTSByDateTest" name="notificationHeaderTest" time="8.139"/>
  <testcase classname="com.ots.test.ui.OTSByDateTest" name="jobQueuedTest" time="3.064"/>
  <testcase classname="com.ots.test.ui.OTSByDateTest" name="downLoadReportNotification" time="3.051"/>
  <testcase classname="com.ots.test.ui.OTSByDateTest" name="jobCompletedTest" time="6.086"/>
  <testcase classname="com.ots.test.ui.OTSByDateTest" name="runReportEnableTest" time="9.194"/>
  <testcase classname="com.ots.test.ui.OTSByDateTest" name="otsCalculationLableNameTest" time="21.430"/>
  <testcase classname="com.ots.test.ui.OTSByDateTest" name="OTSCalculationCheckBoxClickTest" time="12.289"/>
  <testcase classname="com.ots.test.ui.OTSByDateTest" name="OTSCalculationCheckBoxUncheckTest" time="6.129"/>
  <testcase classname="com.ots.test.ui.OTSByDateTest" name="OTSDateTestIncludeOTS" time="6.108"/>
  <testcase classname="com.ots.test.ui.OTSByDateTest" name="OTSDateTestIncludeOTSOptions" time="12.286"/>
  <testcase classname="com.ots.test.ui.OTSByDateTest" name="OTSDateTestDefaultOption" time="6.102"/>
  <testcase classname="com.ots.test.ui.OTSByDateTest" name="OTSDateTestYesOption" time="10.295"/>
  <testcase classname="com.ots.test.ui.OTSByDateTest" name="OTSDateTestYesOptionCSS" time="6.097"/>
  <testcase classname="com.ots.test.ui.OTSByDateTest" name="dateFieldAndADDIconTest" time="12.233"/>
  <testcase classname="com.ots.test.ui.OTSByDateTest" name="otsDateDatePickerTest" time="9.293"/>
  <testcase classname="com.ots.test.ui.OTSByDateTest" name="datePickerHeaderTest" time="6.113"/>
  <testcase classname="com.ots.test.ui.OTSByDateTest" name="datePickerDayNameTest" time="3.056"/>
  <testcase classname="com.ots.test.ui.OTSByDateTest" name="datePickePreviousrArrowIconClickTest" time="12.335"/>
  <testcase classname="com.ots.test.ui.OTSByDateTest" name="datePickerGrayedAndActiveDayTest" time="6.117"/>
  <testcase classname="com.ots.test.ui.OTSByDateTest" name="currentDateTest" time="18.403"/>
  <testcase classname="com.ots.test.ui.OTSByDateTest" name="datePickerSelectDateTest" time="16.436"/>
  <testcase classname="com.ots.test.ui.OTSByDateTest" name="datePickerHeaderdatefield2" time="6.148"/>
  <testcase classname="com.ots.test.ui.OTSByDateTest" name="datePickerSendDatefield2" time="6.247"/>
  <testcase classname="com.ots.test.ui.OTSByDateTest" name="OTSDateTestAddTest" time="12.159"/>
  <testcase classname="com.ots.test.ui.OTSByDateTest" name="OTSDateTestRemoveDatefield" time="9.143"/>
  <testcase classname="com.ots.test.ui.OTSByDateTest" name="afterRemovedDatefieldAddSymbol" time="6.072"/>
  <testcase classname="com.ots.test.ui.OTSByDateTest" name="afterRemovedSpecificDatefield" time="9.187"/>
  <testcase classname="com.ots.test.ui.OTSByDateTest" name="wareHouseTestAllWarehouseText" time="5.078"/>
  <testcase classname="com.ots.test.ui.OTSByDateTest" name="wareHouseDisplayStockTest" time="6.134"/>
  <testcase classname="com.ots.test.ui.OTSByDateTest" name="runReportDisplayStockTest" time="9.188"/>
  <testcase classname="com.ots.test.ui.OTSByDateTest" name="wareHouseTest" time="3.053"/>
  <testcase classname="com.ots.test.ui.OTSByDateTest" name="diplayStockCheckBoxClickingTest" time="12.233"/>
  <testcase classname="com.ots.test.ui.OTSByDateTest" name="tagAllAndUnTagTest" time="12.243"/>
  <testcase classname="com.ots.test.ui.OTSByDateTest" name="diplayStockTagAllTest" time="9.148"/>
  <testcase classname="com.ots.test.ui.OTSByDateTest" name="warehousesTest" time="3.046"/>
  <testcase classname="com.ots.test.ui.OTSByDateTest" name="otsBySizeText" time="5.062"/>
  <testcase classname="com.ots.test.ui.OTSByDateTest" name="otsBySizeTest" time="8.180"/>
  <testcase classname="com.ots.test.ui.OTSByDateTest" name="footerRightSideText" time="3.056"/>
  <testcase classname="com.ots.test.ui.OTSByDateTest" name="runReportTest" time="3.037"/>
  <testcase classname="com.ots.test.ui.OTSByDateTest" name="logOut" time="15.544"/>
  <testcase classname="com.ots.test.ui.OTSByDateTest" name="footerLeftSideText">
    <skipped/>
  </testcase> <!-- footerLeftSideText -->
  <testcase classname="com.ots.test.ui.OTSByDateTest" name="NavigateToReports">
    <skipped/>
  </testcase> <!-- NavigateToReports -->
  <testcase classname="com.ots.test.ui.OTSByDateTest" name="fileTest">
    <skipped/>
  </testcase> <!-- fileTest -->
</testsuite> <!-- com.ots.test.ui.OTSByDateTest -->
