<?xml version="1.0" encoding="UTF-8"?>
<!-- Generated by org.testng.reporters.JUnitReportReporter -->
<testsuite hostname="Nexgen84" failures="0" tests="50" name="com.runway.test.ui.OTSByDateTest" time="1423.695" errors="0" timestamp="2022-12-20T15:21:39 IST" skipped="4">
  <testcase classname="com.runway.test.ui.OTSByDateTest" name="navigateToOTSbyDate" time="43.176"/>
  <testcase classname="com.runway.test.ui.OTSByDateTest" name="sidebarMenuOptionAndLogoTest" time="15.376"/>
  <testcase classname="com.runway.test.ui.OTSByDateTest" name="NavigationToReports" time="12.340"/>
  <testcase classname="com.runway.test.ui.OTSByDateTest" name="headerNameAndClientIdOTSbyDate" time="269.111"/>
  <testcase classname="com.runway.test.ui.OTSByDateTest" name="sidebarMinimizer" time="6.138"/>
  <testcase classname="com.runway.test.ui.OTSByDateTest" name="sidebarMinimizerTest" time="6.102"/>
  <testcase classname="com.runway.test.ui.OTSByDateTest" name="sidebarMinimizercssTest" time="6.128"/>
  <testcase classname="com.runway.test.ui.OTSByDateTest" name="notificationHeaderTest" time="8.167"/>
  <testcase classname="com.runway.test.ui.OTSByDateTest" name="jobQueuedTest" time="3.049"/>
  <testcase classname="com.runway.test.ui.OTSByDateTest" name="downLoadReportNotification" time="3.048"/>
  <testcase classname="com.runway.test.ui.OTSByDateTest" name="jobCompletedTest" time="6.093"/>
  <testcase classname="com.runway.test.ui.OTSByDateTest" name="runReportEnableTest" time="12.249"/>
  <testcase classname="com.runway.test.ui.OTSByDateTest" name="otsCalculationLableNameTest" time="21.372"/>
  <testcase classname="com.runway.test.ui.OTSByDateTest" name="OTSCalculationCheckBoxClickTest" time="21.462"/>
  <testcase classname="com.runway.test.ui.OTSByDateTest" name="OTSCalculationCheckBoxUncheckTest" time="6.149"/>
  <testcase classname="com.runway.test.ui.OTSByDateTest" name="OTSDateTestIncludeOTS" time="6.125"/>
  <testcase classname="com.runway.test.ui.OTSByDateTest" name="OTSDateTestIncludeOTSOptions" time="12.288"/>
  <testcase classname="com.runway.test.ui.OTSByDateTest" name="OTSDateTestDefaultOption" time="6.111"/>
  <testcase classname="com.runway.test.ui.OTSByDateTest" name="OTSDateTestYesOption" time="10.271"/>
  <testcase classname="com.runway.test.ui.OTSByDateTest" name="OTSDateTestYesOptionCSS" time="6.108"/>
  <testcase classname="com.runway.test.ui.OTSByDateTest" name="dateFieldAndADDIconTest" time="12.210"/>
  <testcase classname="com.runway.test.ui.OTSByDateTest" name="otsDateDatePickerTest" time="9.255"/>
  <testcase classname="com.runway.test.ui.OTSByDateTest" name="datePickerHeaderTest" time="6.130"/>
  <testcase classname="com.runway.test.ui.OTSByDateTest" name="datePickerDayNameTest" time="3.048"/>
  <testcase classname="com.runway.test.ui.OTSByDateTest" name="datePickePreviousrArrowIconClickTest" time="12.339"/>
  <testcase classname="com.runway.test.ui.OTSByDateTest" name="datePickerGrayedAndActiveDayTest" time="6.149"/>
  <testcase classname="com.runway.test.ui.OTSByDateTest" name="currentDateTest" time="18.439"/>
  <testcase classname="com.runway.test.ui.OTSByDateTest" name="datePickerSelectDateTest" time="16.387"/>
  <testcase classname="com.runway.test.ui.OTSByDateTest" name="datePickerHeaderdatefield2" time="6.161"/>
  <testcase classname="com.runway.test.ui.OTSByDateTest" name="datePickerSendDatefield2" time="6.256"/>
  <testcase classname="com.runway.test.ui.OTSByDateTest" name="OTSDateTestAddTest" time="12.185"/>
  <testcase classname="com.runway.test.ui.OTSByDateTest" name="OTSDateTestRemoveDatefield" time="9.157"/>
  <testcase classname="com.runway.test.ui.OTSByDateTest" name="afterRemovedDatefieldAddSymbol" time="6.091"/>
  <testcase classname="com.runway.test.ui.OTSByDateTest" name="afterRemovedSpecificDatefield" time="9.181"/>
  <testcase classname="com.runway.test.ui.OTSByDateTest" name="wareHouseTestAllWarehouseText" time="5.082"/>
  <testcase classname="com.runway.test.ui.OTSByDateTest" name="wareHouseDisplayStockTest" time="6.159"/>
  <testcase classname="com.runway.test.ui.OTSByDateTest" name="runReportDisplayStockTest" time="9.214"/>
  <testcase classname="com.runway.test.ui.OTSByDateTest" name="wareHouseTest" time="9.161"/>
  <testcase classname="com.runway.test.ui.OTSByDateTest" name="diplayStockCheckBoxClickingTest" time="12.248"/>
  <testcase classname="com.runway.test.ui.OTSByDateTest" name="tagAllAndUnTagTest" time="12.309"/>
  <testcase classname="com.runway.test.ui.OTSByDateTest" name="diplayStockTagAllTest" time="14.255"/>
  <testcase classname="com.runway.test.ui.OTSByDateTest" name="warehousesTest" time="3.047"/>
  <testcase classname="com.runway.test.ui.OTSByDateTest" name="otsBySizeText" time="5.079"/>
  <testcase classname="com.runway.test.ui.OTSByDateTest" name="otsBySizeTest" time="8.195"/>
  <testcase classname="com.runway.test.ui.OTSByDateTest" name="footerRightSideText" time="692.688"/>
  <testcase classname="com.runway.test.ui.OTSByDateTest" name="logOut" time="32.407"/>
  <testcase classname="com.runway.test.ui.OTSByDateTest" name="runReportTest">
    <skipped/>
  </testcase> <!-- runReportTest -->
  <testcase classname="com.runway.test.ui.OTSByDateTest" name="footerLeftSideText">
    <skipped/>
  </testcase> <!-- footerLeftSideText -->
  <testcase classname="com.runway.test.ui.OTSByDateTest" name="NavigateToReports">
    <skipped/>
  </testcase> <!-- NavigateToReports -->
  <testcase classname="com.runway.test.ui.OTSByDateTest" name="fileTest">
    <skipped/>
  </testcase> <!-- fileTest -->
</testsuite> <!-- com.runway.test.ui.OTSByDateTest -->
