<?xml version="1.0" encoding="UTF-8"?>
<!-- Generated by org.testng.reporters.JUnitReportReporter -->
<testsuite hostname="DESKTOP-VLAJNG1" failures="0" tests="1" name="com.ots.test.ui.SideBarLogoTest" time="33.634" errors="0" timestamp="2022-09-28T19:26:42 IST" skipped="0">
  <testcase classname="com.ots.test.ui.SideBarLogoTest" name="sideBarLogoTest" time="33.634"/>
</testsuite> <!-- com.ots.test.ui.SideBarLogoTest -->
