<?xml version="1.0" encoding="UTF-8"?>
<testsuite xmlns:xsi="http://www.w3.org/2001/XMLSchema-instance" xsi:noNamespaceSchemaLocation="https://maven.apache.org/surefire/maven-surefire-plugin/xsd/surefire-test-report.xsd" name="com.runway.test.ui.SyncJobs" time="136.516" tests="7" errors="0" skipped="0" failures="7">
  <properties>
    <property name="sun.desktop" value="windows"/>
    <property name="awt.toolkit" value="sun.awt.windows.WToolkit"/>
    <property name="file.encoding.pkg" value="sun.io"/>
    <property name="java.specification.version" value="1.8"/>
    <property name="sun.cpu.isalist" value="amd64"/>
    <property name="sun.jnu.encoding" value="Cp1252"/>
    <property name="java.class.path" value="D:\AIMS360_Testing\runway\sourcecode\QA\ui-automation\webuitest\target\test-classes;D:\AIMS360_Testing\runway\sourcecode\QA\ui-automation\webuitest\target\classes;C:\Users\AkhilKamsani\.m2\repository\com\konghq\unirest-java\3.11.11\unirest-java-3.11.11.jar;C:\Users\AkhilKamsani\.m2\repository\org\apache\httpcomponents\httpmime\4.5.13\httpmime-4.5.13.jar;C:\Users\AkhilKamsani\.m2\repository\org\apache\httpcomponents\httpcore-nio\4.4.13\httpcore-nio-4.4.13.jar;C:\Users\AkhilKamsani\.m2\repository\org\apache\httpcomponents\httpasyncclient\4.1.4\httpasyncclient-4.1.4.jar;C:\Users\AkhilKamsani\.m2\repository\org\testng\testng\7.0.0\testng-7.0.0.jar;C:\Users\AkhilKamsani\.m2\repository\com\beust\jcommander\1.72\jcommander-1.72.jar;C:\Users\AkhilKamsani\.m2\repository\junit\junit\4.13.2\junit-4.13.2.jar;C:\Users\AkhilKamsani\.m2\repository\org\hamcrest\hamcrest-core\1.3\hamcrest-core-1.3.jar;C:\Users\AkhilKamsani\.m2\repository\org\json\json\20190722\json-20190722.jar;C:\Users\AkhilKamsani\.m2\repository\io\rest-assured\rest-assured\3.2.0\rest-assured-3.2.0.jar;C:\Users\AkhilKamsani\.m2\repository\org\codehaus\groovy\groovy\2.4.15\groovy-2.4.15.jar;C:\Users\AkhilKamsani\.m2\repository\org\codehaus\groovy\groovy-xml\2.4.15\groovy-xml-2.4.15.jar;C:\Users\AkhilKamsani\.m2\repository\org\hamcrest\hamcrest-library\1.3\hamcrest-library-1.3.jar;C:\Users\AkhilKamsani\.m2\repository\org\ccil\cowan\tagsoup\tagsoup\1.2.1\tagsoup-1.2.1.jar;C:\Users\AkhilKamsani\.m2\repository\io\rest-assured\json-path\3.2.0\json-path-3.2.0.jar;C:\Users\AkhilKamsani\.m2\repository\org\codehaus\groovy\groovy-json\2.4.15\groovy-json-2.4.15.jar;C:\Users\AkhilKamsani\.m2\repository\io\rest-assured\rest-assured-common\3.2.0\rest-assured-common-3.2.0.jar;C:\Users\AkhilKamsani\.m2\repository\io\rest-assured\xml-path\3.2.0\xml-path-3.2.0.jar;C:\Users\AkhilKamsani\.m2\repository\javax\xml\bind\jaxb-api\2.2.12\jaxb-api-2.2.12.jar;C:\Users\AkhilKamsani\.m2\repository\com\sun\xml\bind\jaxb-osgi\2.2.10\jaxb-osgi-2.2.10.jar;C:\Users\AkhilKamsani\.m2\repository\org\apache\sling\org.apache.sling.javax.activation\0.1.0\org.apache.sling.javax.activation-0.1.0.jar;C:\Users\AkhilKamsani\.m2\repository\org\hamcrest\hamcrest-all\1.3\hamcrest-all-1.3.jar;C:\Users\AkhilKamsani\.m2\repository\org\seleniumhq\selenium\selenium-java\3.141.59\selenium-java-3.141.59.jar;C:\Users\AkhilKamsani\.m2\repository\org\seleniumhq\selenium\selenium-api\3.141.59\selenium-api-3.141.59.jar;C:\Users\AkhilKamsani\.m2\repository\org\seleniumhq\selenium\selenium-chrome-driver\3.141.59\selenium-chrome-driver-3.141.59.jar;C:\Users\AkhilKamsani\.m2\repository\org\seleniumhq\selenium\selenium-edge-driver\3.141.59\selenium-edge-driver-3.141.59.jar;C:\Users\AkhilKamsani\.m2\repository\org\seleniumhq\selenium\selenium-firefox-driver\3.141.59\selenium-firefox-driver-3.141.59.jar;C:\Users\AkhilKamsani\.m2\repository\org\seleniumhq\selenium\selenium-ie-driver\3.141.59\selenium-ie-driver-3.141.59.jar;C:\Users\AkhilKamsani\.m2\repository\org\seleniumhq\selenium\selenium-opera-driver\3.141.59\selenium-opera-driver-3.141.59.jar;C:\Users\AkhilKamsani\.m2\repository\org\seleniumhq\selenium\selenium-remote-driver\3.141.59\selenium-remote-driver-3.141.59.jar;C:\Users\AkhilKamsani\.m2\repository\org\seleniumhq\selenium\selenium-safari-driver\3.141.59\selenium-safari-driver-3.141.59.jar;C:\Users\AkhilKamsani\.m2\repository\org\seleniumhq\selenium\selenium-support\3.141.59\selenium-support-3.141.59.jar;C:\Users\AkhilKamsani\.m2\repository\net\bytebuddy\byte-buddy\1.8.15\byte-buddy-1.8.15.jar;C:\Users\AkhilKamsani\.m2\repository\com\squareup\okhttp3\okhttp\3.11.0\okhttp-3.11.0.jar;C:\Users\AkhilKamsani\.m2\repository\com\squareup\okio\okio\1.14.0\okio-1.14.0.jar;C:\Users\AkhilKamsani\.m2\repository\com\opera\operadriver\1.5\operadriver-1.5.jar;C:\Users\AkhilKamsani\.m2\repository\com\opera\operalaunchers\1.1\operalaunchers-1.1.jar;C:\Users\AkhilKamsani\.m2\repository\com\google\protobuf\protobuf-java\2.4.1\protobuf-java-2.4.1.jar;C:\Users\AkhilKamsani\.m2\repository\commons-jxpath\commons-jxpath\1.3\commons-jxpath-1.3.jar;C:\Users\AkhilKamsani\.m2\repository\org\ini4j\ini4j\0.5.2\ini4j-0.5.2.jar;C:\Users\AkhilKamsani\.m2\repository\org\seleniumhq\selenium\htmlunit-driver\2.20\htmlunit-driver-2.20.jar;C:\Users\AkhilKamsani\.m2\repository\net\sourceforge\htmlunit\htmlunit\2.20\htmlunit-2.20.jar;C:\Users\AkhilKamsani\.m2\repository\xalan\xalan\2.7.2\xalan-2.7.2.jar;C:\Users\AkhilKamsani\.m2\repository\xalan\serializer\2.7.2\serializer-2.7.2.jar;C:\Users\AkhilKamsani\.m2\repository\net\sourceforge\htmlunit\htmlunit-core-js\2.17\htmlunit-core-js-2.17.jar;C:\Users\AkhilKamsani\.m2\repository\xerces\xercesImpl\2.11.0\xercesImpl-2.11.0.jar;C:\Users\AkhilKamsani\.m2\repository\xml-apis\xml-apis\1.4.01\xml-apis-1.4.01.jar;C:\Users\AkhilKamsani\.m2\repository\net\sourceforge\nekohtml\nekohtml\1.9.22\nekohtml-1.9.22.jar;C:\Users\AkhilKamsani\.m2\repository\net\sourceforge\cssparser\cssparser\0.9.18\cssparser-0.9.18.jar;C:\Users\AkhilKamsani\.m2\repository\org\w3c\css\sac\1.3\sac-1.3.jar;C:\Users\AkhilKamsani\.m2\repository\org\eclipse\jetty\websocket\websocket-client\9.2.15.v20160210\websocket-client-9.2.15.v20160210.jar;C:\Users\AkhilKamsani\.m2\repository\org\eclipse\jetty\jetty-util\9.2.15.v20160210\jetty-util-9.2.15.v20160210.jar;C:\Users\AkhilKamsani\.m2\repository\org\eclipse\jetty\jetty-io\9.2.15.v20160210\jetty-io-9.2.15.v20160210.jar;C:\Users\AkhilKamsani\.m2\repository\org\eclipse\jetty\websocket\websocket-common\9.2.15.v20160210\websocket-common-9.2.15.v20160210.jar;C:\Users\AkhilKamsani\.m2\repository\org\eclipse\jetty\websocket\websocket-api\9.2.15.v20160210\websocket-api-9.2.15.v20160210.jar;C:\Users\AkhilKamsani\.m2\repository\commons-collections\commons-collections\3.2.2\commons-collections-3.2.2.jar;C:\Users\AkhilKamsani\.m2\repository\org\slf4j\slf4j-api\1.7.7\slf4j-api-1.7.7.jar;C:\Users\AkhilKamsani\.m2\repository\org\slf4j\slf4j-jdk14\1.7.7\slf4j-jdk14-1.7.7.jar;C:\Users\AkhilKamsani\.m2\repository\ch\qos\logback\logback-classic\1.4.4\logback-classic-1.4.4.jar;C:\Users\AkhilKamsani\.m2\repository\ch\qos\logback\logback-core\1.4.4\logback-core-1.4.4.jar;C:\Users\AkhilKamsani\.m2\repository\org\slf4j\slf4j-log4j12\1.7.7\slf4j-log4j12-1.7.7.jar;C:\Users\AkhilKamsani\.m2\repository\log4j\log4j\1.2.17\log4j-1.2.17.jar;C:\Users\AkhilKamsani\.m2\repository\com\google\guava\guava\31.1-jre\guava-31.1-jre.jar;C:\Users\AkhilKamsani\.m2\repository\com\google\guava\failureaccess\1.0.1\failureaccess-1.0.1.jar;C:\Users\AkhilKamsani\.m2\repository\com\google\guava\listenablefuture\9999.0-empty-to-avoid-conflict-with-guava\listenablefuture-9999.0-empty-to-avoid-conflict-with-guava.jar;C:\Users\AkhilKamsani\.m2\repository\com\google\code\findbugs\jsr305\3.0.2\jsr305-3.0.2.jar;C:\Users\AkhilKamsani\.m2\repository\org\checkerframework\checker-qual\3.12.0\checker-qual-3.12.0.jar;C:\Users\AkhilKamsani\.m2\repository\com\google\errorprone\error_prone_annotations\2.11.0\error_prone_annotations-2.11.0.jar;C:\Users\AkhilKamsani\.m2\repository\com\google\j2objc\j2objc-annotations\1.3\j2objc-annotations-1.3.jar;C:\Users\AkhilKamsani\.m2\repository\org\jsoup\jsoup\1.15.3\jsoup-1.15.3.jar;C:\Users\AkhilKamsani\.m2\repository\org\apache\httpcomponents\httpclient\4.5.13\httpclient-4.5.13.jar;C:\Users\AkhilKamsani\.m2\repository\org\apache\httpcomponents\httpcore\4.4.13\httpcore-4.4.13.jar;C:\Users\AkhilKamsani\.m2\repository\commons-logging\commons-logging\1.2\commons-logging-1.2.jar;C:\Users\AkhilKamsani\.m2\repository\commons-codec\commons-codec\1.11\commons-codec-1.11.jar;C:\Users\AkhilKamsani\.m2\repository\com\google\code\gson\gson\2.8.9\gson-2.8.9.jar;C:\Users\AkhilKamsani\.m2\repository\commons-io\commons-io\2.7\commons-io-2.7.jar;C:\Users\AkhilKamsani\.m2\repository\org\apache\commons\commons-exec\1.3\commons-exec-1.3.jar;C:\Users\AkhilKamsani\.m2\repository\commons-lang\commons-lang\2.6\commons-lang-2.6.jar;C:\Users\AkhilKamsani\.m2\repository\io\appium\java-client\6.1.0\java-client-6.1.0.jar;C:\Users\AkhilKamsani\.m2\repository\cglib\cglib\3.2.6\cglib-3.2.6.jar;C:\Users\AkhilKamsani\.m2\repository\org\ow2\asm\asm\6.0\asm-6.0.jar;C:\Users\AkhilKamsani\.m2\repository\org\apache\ant\ant\1.9.6\ant-1.9.6.jar;C:\Users\AkhilKamsani\.m2\repository\org\apache\ant\ant-launcher\1.9.6\ant-launcher-1.9.6.jar;C:\Users\AkhilKamsani\.m2\repository\commons-validator\commons-validator\1.6\commons-validator-1.6.jar;C:\Users\AkhilKamsani\.m2\repository\commons-beanutils\commons-beanutils\1.9.2\commons-beanutils-1.9.2.jar;C:\Users\AkhilKamsani\.m2\repository\commons-digester\commons-digester\1.8.1\commons-digester-1.8.1.jar;C:\Users\AkhilKamsani\.m2\repository\org\apache\commons\commons-lang3\3.7\commons-lang3-3.7.jar;C:\Users\AkhilKamsani\.m2\repository\org\springframework\spring-context\5.0.5.RELEASE\spring-context-5.0.5.RELEASE.jar;C:\Users\AkhilKamsani\.m2\repository\org\springframework\spring-aop\5.0.5.RELEASE\spring-aop-5.0.5.RELEASE.jar;C:\Users\AkhilKamsani\.m2\repository\org\springframework\spring-beans\5.0.5.RELEASE\spring-beans-5.0.5.RELEASE.jar;C:\Users\AkhilKamsani\.m2\repository\org\springframework\spring-core\5.0.5.RELEASE\spring-core-5.0.5.RELEASE.jar;C:\Users\AkhilKamsani\.m2\repository\org\springframework\spring-jcl\5.0.5.RELEASE\spring-jcl-5.0.5.RELEASE.jar;C:\Users\AkhilKamsani\.m2\repository\org\springframework\spring-expression\5.0.5.RELEASE\spring-expression-5.0.5.RELEASE.jar;C:\Users\AkhilKamsani\.m2\repository\org\aspectj\aspectjweaver\1.9.1\aspectjweaver-1.9.1.jar;C:\Users\AkhilKamsani\.m2\repository\org\openpnp\opencv\3.2.0-1\opencv-3.2.0-1.jar;C:\Users\AkhilKamsani\.m2\repository\com\google\apis\google-api-services-gmail\v1-rev20181202-1.27.0\google-api-services-gmail-v1-rev20181202-1.27.0.jar;C:\Users\AkhilKamsani\.m2\repository\com\google\api-client\google-api-client\1.27.0\google-api-client-1.27.0.jar;C:\Users\AkhilKamsani\.m2\repository\com\google\oauth-client\google-oauth-client\1.27.0\google-oauth-client-1.27.0.jar;C:\Users\AkhilKamsani\.m2\repository\com\google\http-client\google-http-client\1.27.0\google-http-client-1.27.0.jar;C:\Users\AkhilKamsani\.m2\repository\com\google\http-client\google-http-client-jackson2\1.27.0\google-http-client-jackson2-1.27.0.jar;C:\Users\AkhilKamsani\.m2\repository\com\fasterxml\jackson\core\jackson-core\2.9.6\jackson-core-2.9.6.jar;C:\Users\AkhilKamsani\.m2\repository\com\google\oauth-client\google-oauth-client-jetty\1.27.0\google-oauth-client-jetty-1.27.0.jar;C:\Users\AkhilKamsani\.m2\repository\com\google\oauth-client\google-oauth-client-java6\1.27.0\google-oauth-client-java6-1.27.0.jar;C:\Users\AkhilKamsani\.m2\repository\org\mortbay\jetty\jetty\6.1.26\jetty-6.1.26.jar;C:\Users\AkhilKamsani\.m2\repository\org\mortbay\jetty\jetty-util\6.1.26\jetty-util-6.1.26.jar;C:\Users\AkhilKamsani\.m2\repository\org\mortbay\jetty\servlet-api\2.5-20081211\servlet-api-2.5-20081211.jar;C:\Users\AkhilKamsani\.m2\repository\javax\mail\mailapi\1.4.3\mailapi-1.4.3.jar;C:\Users\AkhilKamsani\.m2\repository\javax\activation\activation\1.1\activation-1.1.jar;C:\Users\AkhilKamsani\.m2\repository\com\google\zxing\javase\3.4.0\javase-3.4.0.jar;C:\Users\AkhilKamsani\.m2\repository\com\google\zxing\core\3.4.0\core-3.4.0.jar;C:\Users\AkhilKamsani\.m2\repository\com\github\jai-imageio\jai-imageio-core\1.4.0\jai-imageio-core-1.4.0.jar;C:\Users\AkhilKamsani\.m2\repository\org\bytedeco\javacpp-presets\tesseract\3.04-1.1\tesseract-3.04-1.1.jar;C:\Users\AkhilKamsani\.m2\repository\org\bytedeco\javacpp-presets\leptonica\1.72-1.1\leptonica-1.72-1.1.jar;C:\Users\AkhilKamsani\.m2\repository\org\bytedeco\javacpp-presets\leptonica\1.72-1.1\leptonica-1.72-1.1-windows-x86_64.jar;C:\Users\AkhilKamsani\.m2\repository\org\bytedeco\javacpp\1.1\javacpp-1.1.jar;C:\Users\AkhilKamsani\.m2\repository\org\bytedeco\javacpp-presets\tesseract\3.04-1.1\tesseract-3.04-1.1-windows-x86_64.jar;C:\Users\AkhilKamsani\.m2\repository\net\sourceforge\tess4j\tess4j\3.0.0\tess4j-3.0.0.jar;C:\Users\AkhilKamsani\.m2\repository\net\java\dev\jna\jna\4.2.1\jna-4.2.1.jar;C:\Users\AkhilKamsani\.m2\repository\org\ghost4j\ghost4j\1.0.0\ghost4j-1.0.0.jar;C:\Users\AkhilKamsani\.m2\repository\org\apache\xmlgraphics\xmlgraphics-commons\1.4\xmlgraphics-commons-1.4.jar;C:\Users\AkhilKamsani\.m2\repository\com\lowagie\itext\2.1.7\itext-2.1.7.jar;C:\Users\AkhilKamsani\.m2\repository\net\sourceforge\lept4j\lept4j\1.0.1\lept4j-1.0.1.jar;C:\Users\AkhilKamsani\.m2\repository\org\rococoa\rococoa-core\0.5\rococoa-core-0.5.jar;C:\Users\AkhilKamsani\.m2\repository\org\slf4j\jul-to-slf4j\1.7.13\jul-to-slf4j-1.7.13.jar;C:\Users\AkhilKamsani\.m2\repository\org\slf4j\jcl-over-slf4j\1.7.13\jcl-over-slf4j-1.7.13.jar;C:\Users\AkhilKamsani\.m2\repository\org\slf4j\log4j-over-slf4j\1.7.13\log4j-over-slf4j-1.7.13.jar;C:\Users\AkhilKamsani\.m2\repository\net\java\dev\jna\platform\3.4.0\platform-3.4.0.jar;C:\Users\AkhilKamsani\.m2\repository\org\apache\clerezza\ext\org.json.simple\0.4\org.json.simple-0.4.jar;C:\Users\AkhilKamsani\.m2\repository\org\apache\poi\poi-ooxml\5.0.0\poi-ooxml-5.0.0.jar;C:\Users\AkhilKamsani\.m2\repository\org\apache\poi\poi\5.0.0\poi-5.0.0.jar;C:\Users\AkhilKamsani\.m2\repository\org\apache\commons\commons-collections4\4.4\commons-collections4-4.4.jar;C:\Users\AkhilKamsani\.m2\repository\org\apache\commons\commons-math3\3.6.1\commons-math3-3.6.1.jar;C:\Users\AkhilKamsani\.m2\repository\com\zaxxer\SparseBitSet\1.2\SparseBitSet-1.2.jar;C:\Users\AkhilKamsani\.m2\repository\org\apache\poi\poi-ooxml-lite\5.0.0\poi-ooxml-lite-5.0.0.jar;C:\Users\AkhilKamsani\.m2\repository\org\apache\xmlbeans\xmlbeans\4.0.0\xmlbeans-4.0.0.jar;C:\Users\AkhilKamsani\.m2\repository\org\apache\commons\commons-compress\1.20\commons-compress-1.20.jar;C:\Users\AkhilKamsani\.m2\repository\com\github\virtuald\curvesapi\1.06\curvesapi-1.06.jar;C:\Users\AkhilKamsani\.m2\repository\org\bouncycastle\bcpkix-jdk15on\1.68\bcpkix-jdk15on-1.68.jar;C:\Users\AkhilKamsani\.m2\repository\org\bouncycastle\bcprov-jdk15on\1.68\bcprov-jdk15on-1.68.jar;C:\Users\AkhilKamsani\.m2\repository\org\apache\santuario\xmlsec\2.2.1\xmlsec-2.2.1.jar;C:\Users\AkhilKamsani\.m2\repository\com\fasterxml\woodstox\woodstox-core\5.2.1\woodstox-core-5.2.1.jar;C:\Users\AkhilKamsani\.m2\repository\org\codehaus\woodstox\stax2-api\4.2\stax2-api-4.2.jar;C:\Users\AkhilKamsani\.m2\repository\org\apache\xmlgraphics\batik-all\1.13\batik-all-1.13.jar;C:\Users\AkhilKamsani\.m2\repository\org\apache\xmlgraphics\batik-anim\1.13\batik-anim-1.13.jar;C:\Users\AkhilKamsani\.m2\repository\org\apache\xmlgraphics\batik-shared-resources\1.13\batik-shared-resources-1.13.jar;C:\Users\AkhilKamsani\.m2\repository\xml-apis\xml-apis-ext\1.3.04\xml-apis-ext-1.3.04.jar;C:\Users\AkhilKamsani\.m2\repository\org\apache\xmlgraphics\batik-awt-util\1.13\batik-awt-util-1.13.jar;C:\Users\AkhilKamsani\.m2\repository\org\apache\xmlgraphics\batik-bridge\1.13\batik-bridge-1.13.jar;C:\Users\AkhilKamsani\.m2\repository\org\apache\xmlgraphics\batik-codec\1.13\batik-codec-1.13.jar;C:\Users\AkhilKamsani\.m2\repository\org\apache\xmlgraphics\batik-constants\1.13\batik-constants-1.13.jar;C:\Users\AkhilKamsani\.m2\repository\org\apache\xmlgraphics\batik-css\1.13\batik-css-1.13.jar;C:\Users\AkhilKamsani\.m2\repository\org\apache\xmlgraphics\batik-dom\1.13\batik-dom-1.13.jar;C:\Users\AkhilKamsani\.m2\repository\org\apache\xmlgraphics\batik-ext\1.13\batik-ext-1.13.jar;C:\Users\AkhilKamsani\.m2\repository\org\apache\xmlgraphics\batik-extension\1.13\batik-extension-1.13.jar;C:\Users\AkhilKamsani\.m2\repository\org\apache\xmlgraphics\batik-gui-util\1.13\batik-gui-util-1.13.jar;C:\Users\AkhilKamsani\.m2\repository\org\apache\xmlgraphics\batik-gvt\1.13\batik-gvt-1.13.jar;C:\Users\AkhilKamsani\.m2\repository\org\apache\xmlgraphics\batik-i18n\1.13\batik-i18n-1.13.jar;C:\Users\AkhilKamsani\.m2\repository\org\apache\xmlgraphics\batik-parser\1.13\batik-parser-1.13.jar;C:\Users\AkhilKamsani\.m2\repository\org\apache\xmlgraphics\batik-rasterizer-ext\1.13\batik-rasterizer-ext-1.13.jar;C:\Users\AkhilKamsani\.m2\repository\org\apache\xmlgraphics\batik-rasterizer\1.13\batik-rasterizer-1.13.jar;C:\Users\AkhilKamsani\.m2\repository\org\apache\xmlgraphics\batik-script\1.13\batik-script-1.13.jar;C:\Users\AkhilKamsani\.m2\repository\org\apache\xmlgraphics\batik-slideshow\1.13\batik-slideshow-1.13.jar;C:\Users\AkhilKamsani\.m2\repository\org\apache\xmlgraphics\batik-squiggle-ext\1.13\batik-squiggle-ext-1.13.jar;C:\Users\AkhilKamsani\.m2\repository\org\apache\xmlgraphics\batik-squiggle\1.13\batik-squiggle-1.13.jar;C:\Users\AkhilKamsani\.m2\repository\org\apache\xmlgraphics\batik-svg-dom\1.13\batik-svg-dom-1.13.jar;C:\Users\AkhilKamsani\.m2\repository\org\apache\xmlgraphics\batik-svgbrowser\1.13\batik-svgbrowser-1.13.jar;C:\Users\AkhilKamsani\.m2\repository\org\apache\xmlgraphics\batik-svggen\1.13\batik-svggen-1.13.jar;C:\Users\AkhilKamsani\.m2\repository\org\apache\xmlgraphics\batik-svgpp\1.13\batik-svgpp-1.13.jar;C:\Users\AkhilKamsani\.m2\repository\org\apache\xmlgraphics\batik-svgrasterizer\1.13\batik-svgrasterizer-1.13.jar;C:\Users\AkhilKamsani\.m2\repository\org\apache\xmlgraphics\batik-swing\1.13\batik-swing-1.13.jar;C:\Users\AkhilKamsani\.m2\repository\org\apache\xmlgraphics\batik-transcoder\1.13\batik-transcoder-1.13.jar;C:\Users\AkhilKamsani\.m2\repository\org\apache\xmlgraphics\batik-util\1.13\batik-util-1.13.jar;C:\Users\AkhilKamsani\.m2\repository\org\apache\xmlgraphics\batik-ttf2svg\1.13\batik-ttf2svg-1.13.jar;C:\Users\AkhilKamsani\.m2\repository\org\apache\xmlgraphics\batik-xml\1.13\batik-xml-1.13.jar;C:\Users\AkhilKamsani\.m2\repository\de\rototor\pdfbox\graphics2d\0.30\graphics2d-0.30.jar;C:\Users\AkhilKamsani\.m2\repository\org\apache\pdfbox\pdfbox\2.0.22\pdfbox-2.0.22.jar;C:\Users\AkhilKamsani\.m2\repository\org\apache\pdfbox\fontbox\2.0.22\fontbox-2.0.22.jar;C:\Users\AkhilKamsani\.m2\repository\com\opencsv\opencsv\3.3\opencsv-3.3.jar;C:\Users\AkhilKamsani\.m2\repository\com\googlecode\json-simple\json-simple\1.1.1\json-simple-1.1.1.jar;"/>
    <property name="java.vm.vendor" value="Oracle Corporation"/>
    <property name="sun.arch.data.model" value="64"/>
    <property name="user.variant" value=""/>
    <property name="java.vendor.url" value="http://java.oracle.com/"/>
    <property name="user.timezone" value="Asia/Calcutta"/>
    <property name="user.country.format" value="AS"/>
    <property name="java.vm.specification.version" value="1.8"/>
    <property name="os.name" value="Windows 11"/>
    <property name="user.country" value="US"/>
    <property name="sun.java.launcher" value="SUN_STANDARD"/>
    <property name="sun.boot.library.path" value="C:\Program Files\Java\jdk1.8.0_341\jre\bin"/>
    <property name="sun.java.command" value="C:\Users\AKHILK~1\AppData\Local\Temp\surefire3483133912556580963\surefirebooter5961893537259448210.jar C:\Users\AkhilKamsani\AppData\Local\Temp\surefire3483133912556580963 2022-12-14T16-49-23_641-jvmRun1 surefire8335623792241433716tmp surefire_09182077367005665209tmp"/>
    <property name="test" value="SyncJobs"/>
    <property name="surefire.test.class.path" value="D:\AIMS360_Testing\runway\sourcecode\QA\ui-automation\webuitest\target\test-classes;D:\AIMS360_Testing\runway\sourcecode\QA\ui-automation\webuitest\target\classes;C:\Users\AkhilKamsani\.m2\repository\com\konghq\unirest-java\3.11.11\unirest-java-3.11.11.jar;C:\Users\AkhilKamsani\.m2\repository\org\apache\httpcomponents\httpmime\4.5.13\httpmime-4.5.13.jar;C:\Users\AkhilKamsani\.m2\repository\org\apache\httpcomponents\httpcore-nio\4.4.13\httpcore-nio-4.4.13.jar;C:\Users\AkhilKamsani\.m2\repository\org\apache\httpcomponents\httpasyncclient\4.1.4\httpasyncclient-4.1.4.jar;C:\Users\AkhilKamsani\.m2\repository\org\testng\testng\7.0.0\testng-7.0.0.jar;C:\Users\AkhilKamsani\.m2\repository\com\beust\jcommander\1.72\jcommander-1.72.jar;C:\Users\AkhilKamsani\.m2\repository\junit\junit\4.13.2\junit-4.13.2.jar;C:\Users\AkhilKamsani\.m2\repository\org\hamcrest\hamcrest-core\1.3\hamcrest-core-1.3.jar;C:\Users\AkhilKamsani\.m2\repository\org\json\json\20190722\json-20190722.jar;C:\Users\AkhilKamsani\.m2\repository\io\rest-assured\rest-assured\3.2.0\rest-assured-3.2.0.jar;C:\Users\AkhilKamsani\.m2\repository\org\codehaus\groovy\groovy\2.4.15\groovy-2.4.15.jar;C:\Users\AkhilKamsani\.m2\repository\org\codehaus\groovy\groovy-xml\2.4.15\groovy-xml-2.4.15.jar;C:\Users\AkhilKamsani\.m2\repository\org\hamcrest\hamcrest-library\1.3\hamcrest-library-1.3.jar;C:\Users\AkhilKamsani\.m2\repository\org\ccil\cowan\tagsoup\tagsoup\1.2.1\tagsoup-1.2.1.jar;C:\Users\AkhilKamsani\.m2\repository\io\rest-assured\json-path\3.2.0\json-path-3.2.0.jar;C:\Users\AkhilKamsani\.m2\repository\org\codehaus\groovy\groovy-json\2.4.15\groovy-json-2.4.15.jar;C:\Users\AkhilKamsani\.m2\repository\io\rest-assured\rest-assured-common\3.2.0\rest-assured-common-3.2.0.jar;C:\Users\AkhilKamsani\.m2\repository\io\rest-assured\xml-path\3.2.0\xml-path-3.2.0.jar;C:\Users\AkhilKamsani\.m2\repository\javax\xml\bind\jaxb-api\2.2.12\jaxb-api-2.2.12.jar;C:\Users\AkhilKamsani\.m2\repository\com\sun\xml\bind\jaxb-osgi\2.2.10\jaxb-osgi-2.2.10.jar;C:\Users\AkhilKamsani\.m2\repository\org\apache\sling\org.apache.sling.javax.activation\0.1.0\org.apache.sling.javax.activation-0.1.0.jar;C:\Users\AkhilKamsani\.m2\repository\org\hamcrest\hamcrest-all\1.3\hamcrest-all-1.3.jar;C:\Users\AkhilKamsani\.m2\repository\org\seleniumhq\selenium\selenium-java\3.141.59\selenium-java-3.141.59.jar;C:\Users\AkhilKamsani\.m2\repository\org\seleniumhq\selenium\selenium-api\3.141.59\selenium-api-3.141.59.jar;C:\Users\AkhilKamsani\.m2\repository\org\seleniumhq\selenium\selenium-chrome-driver\3.141.59\selenium-chrome-driver-3.141.59.jar;C:\Users\AkhilKamsani\.m2\repository\org\seleniumhq\selenium\selenium-edge-driver\3.141.59\selenium-edge-driver-3.141.59.jar;C:\Users\AkhilKamsani\.m2\repository\org\seleniumhq\selenium\selenium-firefox-driver\3.141.59\selenium-firefox-driver-3.141.59.jar;C:\Users\AkhilKamsani\.m2\repository\org\seleniumhq\selenium\selenium-ie-driver\3.141.59\selenium-ie-driver-3.141.59.jar;C:\Users\AkhilKamsani\.m2\repository\org\seleniumhq\selenium\selenium-opera-driver\3.141.59\selenium-opera-driver-3.141.59.jar;C:\Users\AkhilKamsani\.m2\repository\org\seleniumhq\selenium\selenium-remote-driver\3.141.59\selenium-remote-driver-3.141.59.jar;C:\Users\AkhilKamsani\.m2\repository\org\seleniumhq\selenium\selenium-safari-driver\3.141.59\selenium-safari-driver-3.141.59.jar;C:\Users\AkhilKamsani\.m2\repository\org\seleniumhq\selenium\selenium-support\3.141.59\selenium-support-3.141.59.jar;C:\Users\AkhilKamsani\.m2\repository\net\bytebuddy\byte-buddy\1.8.15\byte-buddy-1.8.15.jar;C:\Users\AkhilKamsani\.m2\repository\com\squareup\okhttp3\okhttp\3.11.0\okhttp-3.11.0.jar;C:\Users\AkhilKamsani\.m2\repository\com\squareup\okio\okio\1.14.0\okio-1.14.0.jar;C:\Users\AkhilKamsani\.m2\repository\com\opera\operadriver\1.5\operadriver-1.5.jar;C:\Users\AkhilKamsani\.m2\repository\com\opera\operalaunchers\1.1\operalaunchers-1.1.jar;C:\Users\AkhilKamsani\.m2\repository\com\google\protobuf\protobuf-java\2.4.1\protobuf-java-2.4.1.jar;C:\Users\AkhilKamsani\.m2\repository\commons-jxpath\commons-jxpath\1.3\commons-jxpath-1.3.jar;C:\Users\AkhilKamsani\.m2\repository\org\ini4j\ini4j\0.5.2\ini4j-0.5.2.jar;C:\Users\AkhilKamsani\.m2\repository\org\seleniumhq\selenium\htmlunit-driver\2.20\htmlunit-driver-2.20.jar;C:\Users\AkhilKamsani\.m2\repository\net\sourceforge\htmlunit\htmlunit\2.20\htmlunit-2.20.jar;C:\Users\AkhilKamsani\.m2\repository\xalan\xalan\2.7.2\xalan-2.7.2.jar;C:\Users\AkhilKamsani\.m2\repository\xalan\serializer\2.7.2\serializer-2.7.2.jar;C:\Users\AkhilKamsani\.m2\repository\net\sourceforge\htmlunit\htmlunit-core-js\2.17\htmlunit-core-js-2.17.jar;C:\Users\AkhilKamsani\.m2\repository\xerces\xercesImpl\2.11.0\xercesImpl-2.11.0.jar;C:\Users\AkhilKamsani\.m2\repository\xml-apis\xml-apis\1.4.01\xml-apis-1.4.01.jar;C:\Users\AkhilKamsani\.m2\repository\net\sourceforge\nekohtml\nekohtml\1.9.22\nekohtml-1.9.22.jar;C:\Users\AkhilKamsani\.m2\repository\net\sourceforge\cssparser\cssparser\0.9.18\cssparser-0.9.18.jar;C:\Users\AkhilKamsani\.m2\repository\org\w3c\css\sac\1.3\sac-1.3.jar;C:\Users\AkhilKamsani\.m2\repository\org\eclipse\jetty\websocket\websocket-client\9.2.15.v20160210\websocket-client-9.2.15.v20160210.jar;C:\Users\AkhilKamsani\.m2\repository\org\eclipse\jetty\jetty-util\9.2.15.v20160210\jetty-util-9.2.15.v20160210.jar;C:\Users\AkhilKamsani\.m2\repository\org\eclipse\jetty\jetty-io\9.2.15.v20160210\jetty-io-9.2.15.v20160210.jar;C:\Users\AkhilKamsani\.m2\repository\org\eclipse\jetty\websocket\websocket-common\9.2.15.v20160210\websocket-common-9.2.15.v20160210.jar;C:\Users\AkhilKamsani\.m2\repository\org\eclipse\jetty\websocket\websocket-api\9.2.15.v20160210\websocket-api-9.2.15.v20160210.jar;C:\Users\AkhilKamsani\.m2\repository\commons-collections\commons-collections\3.2.2\commons-collections-3.2.2.jar;C:\Users\AkhilKamsani\.m2\repository\org\slf4j\slf4j-api\1.7.7\slf4j-api-1.7.7.jar;C:\Users\AkhilKamsani\.m2\repository\org\slf4j\slf4j-jdk14\1.7.7\slf4j-jdk14-1.7.7.jar;C:\Users\AkhilKamsani\.m2\repository\ch\qos\logback\logback-classic\1.4.4\logback-classic-1.4.4.jar;C:\Users\AkhilKamsani\.m2\repository\ch\qos\logback\logback-core\1.4.4\logback-core-1.4.4.jar;C:\Users\AkhilKamsani\.m2\repository\org\slf4j\slf4j-log4j12\1.7.7\slf4j-log4j12-1.7.7.jar;C:\Users\AkhilKamsani\.m2\repository\log4j\log4j\1.2.17\log4j-1.2.17.jar;C:\Users\AkhilKamsani\.m2\repository\com\google\guava\guava\31.1-jre\guava-31.1-jre.jar;C:\Users\AkhilKamsani\.m2\repository\com\google\guava\failureaccess\1.0.1\failureaccess-1.0.1.jar;C:\Users\AkhilKamsani\.m2\repository\com\google\guava\listenablefuture\9999.0-empty-to-avoid-conflict-with-guava\listenablefuture-9999.0-empty-to-avoid-conflict-with-guava.jar;C:\Users\AkhilKamsani\.m2\repository\com\google\code\findbugs\jsr305\3.0.2\jsr305-3.0.2.jar;C:\Users\AkhilKamsani\.m2\repository\org\checkerframework\checker-qual\3.12.0\checker-qual-3.12.0.jar;C:\Users\AkhilKamsani\.m2\repository\com\google\errorprone\error_prone_annotations\2.11.0\error_prone_annotations-2.11.0.jar;C:\Users\AkhilKamsani\.m2\repository\com\google\j2objc\j2objc-annotations\1.3\j2objc-annotations-1.3.jar;C:\Users\AkhilKamsani\.m2\repository\org\jsoup\jsoup\1.15.3\jsoup-1.15.3.jar;C:\Users\AkhilKamsani\.m2\repository\org\apache\httpcomponents\httpclient\4.5.13\httpclient-4.5.13.jar;C:\Users\AkhilKamsani\.m2\repository\org\apache\httpcomponents\httpcore\4.4.13\httpcore-4.4.13.jar;C:\Users\AkhilKamsani\.m2\repository\commons-logging\commons-logging\1.2\commons-logging-1.2.jar;C:\Users\AkhilKamsani\.m2\repository\commons-codec\commons-codec\1.11\commons-codec-1.11.jar;C:\Users\AkhilKamsani\.m2\repository\com\google\code\gson\gson\2.8.9\gson-2.8.9.jar;C:\Users\AkhilKamsani\.m2\repository\commons-io\commons-io\2.7\commons-io-2.7.jar;C:\Users\AkhilKamsani\.m2\repository\org\apache\commons\commons-exec\1.3\commons-exec-1.3.jar;C:\Users\AkhilKamsani\.m2\repository\commons-lang\commons-lang\2.6\commons-lang-2.6.jar;C:\Users\AkhilKamsani\.m2\repository\io\appium\java-client\6.1.0\java-client-6.1.0.jar;C:\Users\AkhilKamsani\.m2\repository\cglib\cglib\3.2.6\cglib-3.2.6.jar;C:\Users\AkhilKamsani\.m2\repository\org\ow2\asm\asm\6.0\asm-6.0.jar;C:\Users\AkhilKamsani\.m2\repository\org\apache\ant\ant\1.9.6\ant-1.9.6.jar;C:\Users\AkhilKamsani\.m2\repository\org\apache\ant\ant-launcher\1.9.6\ant-launcher-1.9.6.jar;C:\Users\AkhilKamsani\.m2\repository\commons-validator\commons-validator\1.6\commons-validator-1.6.jar;C:\Users\AkhilKamsani\.m2\repository\commons-beanutils\commons-beanutils\1.9.2\commons-beanutils-1.9.2.jar;C:\Users\AkhilKamsani\.m2\repository\commons-digester\commons-digester\1.8.1\commons-digester-1.8.1.jar;C:\Users\AkhilKamsani\.m2\repository\org\apache\commons\commons-lang3\3.7\commons-lang3-3.7.jar;C:\Users\AkhilKamsani\.m2\repository\org\springframework\spring-context\5.0.5.RELEASE\spring-context-5.0.5.RELEASE.jar;C:\Users\AkhilKamsani\.m2\repository\org\springframework\spring-aop\5.0.5.RELEASE\spring-aop-5.0.5.RELEASE.jar;C:\Users\AkhilKamsani\.m2\repository\org\springframework\spring-beans\5.0.5.RELEASE\spring-beans-5.0.5.RELEASE.jar;C:\Users\AkhilKamsani\.m2\repository\org\springframework\spring-core\5.0.5.RELEASE\spring-core-5.0.5.RELEASE.jar;C:\Users\AkhilKamsani\.m2\repository\org\springframework\spring-jcl\5.0.5.RELEASE\spring-jcl-5.0.5.RELEASE.jar;C:\Users\AkhilKamsani\.m2\repository\org\springframework\spring-expression\5.0.5.RELEASE\spring-expression-5.0.5.RELEASE.jar;C:\Users\AkhilKamsani\.m2\repository\org\aspectj\aspectjweaver\1.9.1\aspectjweaver-1.9.1.jar;C:\Users\AkhilKamsani\.m2\repository\org\openpnp\opencv\3.2.0-1\opencv-3.2.0-1.jar;C:\Users\AkhilKamsani\.m2\repository\com\google\apis\google-api-services-gmail\v1-rev20181202-1.27.0\google-api-services-gmail-v1-rev20181202-1.27.0.jar;C:\Users\AkhilKamsani\.m2\repository\com\google\api-client\google-api-client\1.27.0\google-api-client-1.27.0.jar;C:\Users\AkhilKamsani\.m2\repository\com\google\oauth-client\google-oauth-client\1.27.0\google-oauth-client-1.27.0.jar;C:\Users\AkhilKamsani\.m2\repository\com\google\http-client\google-http-client\1.27.0\google-http-client-1.27.0.jar;C:\Users\AkhilKamsani\.m2\repository\com\google\http-client\google-http-client-jackson2\1.27.0\google-http-client-jackson2-1.27.0.jar;C:\Users\AkhilKamsani\.m2\repository\com\fasterxml\jackson\core\jackson-core\2.9.6\jackson-core-2.9.6.jar;C:\Users\AkhilKamsani\.m2\repository\com\google\oauth-client\google-oauth-client-jetty\1.27.0\google-oauth-client-jetty-1.27.0.jar;C:\Users\AkhilKamsani\.m2\repository\com\google\oauth-client\google-oauth-client-java6\1.27.0\google-oauth-client-java6-1.27.0.jar;C:\Users\AkhilKamsani\.m2\repository\org\mortbay\jetty\jetty\6.1.26\jetty-6.1.26.jar;C:\Users\AkhilKamsani\.m2\repository\org\mortbay\jetty\jetty-util\6.1.26\jetty-util-6.1.26.jar;C:\Users\AkhilKamsani\.m2\repository\org\mortbay\jetty\servlet-api\2.5-20081211\servlet-api-2.5-20081211.jar;C:\Users\AkhilKamsani\.m2\repository\javax\mail\mailapi\1.4.3\mailapi-1.4.3.jar;C:\Users\AkhilKamsani\.m2\repository\javax\activation\activation\1.1\activation-1.1.jar;C:\Users\AkhilKamsani\.m2\repository\com\google\zxing\javase\3.4.0\javase-3.4.0.jar;C:\Users\AkhilKamsani\.m2\repository\com\google\zxing\core\3.4.0\core-3.4.0.jar;C:\Users\AkhilKamsani\.m2\repository\com\github\jai-imageio\jai-imageio-core\1.4.0\jai-imageio-core-1.4.0.jar;C:\Users\AkhilKamsani\.m2\repository\org\bytedeco\javacpp-presets\tesseract\3.04-1.1\tesseract-3.04-1.1.jar;C:\Users\AkhilKamsani\.m2\repository\org\bytedeco\javacpp-presets\leptonica\1.72-1.1\leptonica-1.72-1.1.jar;C:\Users\AkhilKamsani\.m2\repository\org\bytedeco\javacpp-presets\leptonica\1.72-1.1\leptonica-1.72-1.1-windows-x86_64.jar;C:\Users\AkhilKamsani\.m2\repository\org\bytedeco\javacpp\1.1\javacpp-1.1.jar;C:\Users\AkhilKamsani\.m2\repository\org\bytedeco\javacpp-presets\tesseract\3.04-1.1\tesseract-3.04-1.1-windows-x86_64.jar;C:\Users\AkhilKamsani\.m2\repository\net\sourceforge\tess4j\tess4j\3.0.0\tess4j-3.0.0.jar;C:\Users\AkhilKamsani\.m2\repository\net\java\dev\jna\jna\4.2.1\jna-4.2.1.jar;C:\Users\AkhilKamsani\.m2\repository\org\ghost4j\ghost4j\1.0.0\ghost4j-1.0.0.jar;C:\Users\AkhilKamsani\.m2\repository\org\apache\xmlgraphics\xmlgraphics-commons\1.4\xmlgraphics-commons-1.4.jar;C:\Users\AkhilKamsani\.m2\repository\com\lowagie\itext\2.1.7\itext-2.1.7.jar;C:\Users\AkhilKamsani\.m2\repository\net\sourceforge\lept4j\lept4j\1.0.1\lept4j-1.0.1.jar;C:\Users\AkhilKamsani\.m2\repository\org\rococoa\rococoa-core\0.5\rococoa-core-0.5.jar;C:\Users\AkhilKamsani\.m2\repository\org\slf4j\jul-to-slf4j\1.7.13\jul-to-slf4j-1.7.13.jar;C:\Users\AkhilKamsani\.m2\repository\org\slf4j\jcl-over-slf4j\1.7.13\jcl-over-slf4j-1.7.13.jar;C:\Users\AkhilKamsani\.m2\repository\org\slf4j\log4j-over-slf4j\1.7.13\log4j-over-slf4j-1.7.13.jar;C:\Users\AkhilKamsani\.m2\repository\net\java\dev\jna\platform\3.4.0\platform-3.4.0.jar;C:\Users\AkhilKamsani\.m2\repository\org\apache\clerezza\ext\org.json.simple\0.4\org.json.simple-0.4.jar;C:\Users\AkhilKamsani\.m2\repository\org\apache\poi\poi-ooxml\5.0.0\poi-ooxml-5.0.0.jar;C:\Users\AkhilKamsani\.m2\repository\org\apache\poi\poi\5.0.0\poi-5.0.0.jar;C:\Users\AkhilKamsani\.m2\repository\org\apache\commons\commons-collections4\4.4\commons-collections4-4.4.jar;C:\Users\AkhilKamsani\.m2\repository\org\apache\commons\commons-math3\3.6.1\commons-math3-3.6.1.jar;C:\Users\AkhilKamsani\.m2\repository\com\zaxxer\SparseBitSet\1.2\SparseBitSet-1.2.jar;C:\Users\AkhilKamsani\.m2\repository\org\apache\poi\poi-ooxml-lite\5.0.0\poi-ooxml-lite-5.0.0.jar;C:\Users\AkhilKamsani\.m2\repository\org\apache\xmlbeans\xmlbeans\4.0.0\xmlbeans-4.0.0.jar;C:\Users\AkhilKamsani\.m2\repository\org\apache\commons\commons-compress\1.20\commons-compress-1.20.jar;C:\Users\AkhilKamsani\.m2\repository\com\github\virtuald\curvesapi\1.06\curvesapi-1.06.jar;C:\Users\AkhilKamsani\.m2\repository\org\bouncycastle\bcpkix-jdk15on\1.68\bcpkix-jdk15on-1.68.jar;C:\Users\AkhilKamsani\.m2\repository\org\bouncycastle\bcprov-jdk15on\1.68\bcprov-jdk15on-1.68.jar;C:\Users\AkhilKamsani\.m2\repository\org\apache\santuario\xmlsec\2.2.1\xmlsec-2.2.1.jar;C:\Users\AkhilKamsani\.m2\repository\com\fasterxml\woodstox\woodstox-core\5.2.1\woodstox-core-5.2.1.jar;C:\Users\AkhilKamsani\.m2\repository\org\codehaus\woodstox\stax2-api\4.2\stax2-api-4.2.jar;C:\Users\AkhilKamsani\.m2\repository\org\apache\xmlgraphics\batik-all\1.13\batik-all-1.13.jar;C:\Users\AkhilKamsani\.m2\repository\org\apache\xmlgraphics\batik-anim\1.13\batik-anim-1.13.jar;C:\Users\AkhilKamsani\.m2\repository\org\apache\xmlgraphics\batik-shared-resources\1.13\batik-shared-resources-1.13.jar;C:\Users\AkhilKamsani\.m2\repository\xml-apis\xml-apis-ext\1.3.04\xml-apis-ext-1.3.04.jar;C:\Users\AkhilKamsani\.m2\repository\org\apache\xmlgraphics\batik-awt-util\1.13\batik-awt-util-1.13.jar;C:\Users\AkhilKamsani\.m2\repository\org\apache\xmlgraphics\batik-bridge\1.13\batik-bridge-1.13.jar;C:\Users\AkhilKamsani\.m2\repository\org\apache\xmlgraphics\batik-codec\1.13\batik-codec-1.13.jar;C:\Users\AkhilKamsani\.m2\repository\org\apache\xmlgraphics\batik-constants\1.13\batik-constants-1.13.jar;C:\Users\AkhilKamsani\.m2\repository\org\apache\xmlgraphics\batik-css\1.13\batik-css-1.13.jar;C:\Users\AkhilKamsani\.m2\repository\org\apache\xmlgraphics\batik-dom\1.13\batik-dom-1.13.jar;C:\Users\AkhilKamsani\.m2\repository\org\apache\xmlgraphics\batik-ext\1.13\batik-ext-1.13.jar;C:\Users\AkhilKamsani\.m2\repository\org\apache\xmlgraphics\batik-extension\1.13\batik-extension-1.13.jar;C:\Users\AkhilKamsani\.m2\repository\org\apache\xmlgraphics\batik-gui-util\1.13\batik-gui-util-1.13.jar;C:\Users\AkhilKamsani\.m2\repository\org\apache\xmlgraphics\batik-gvt\1.13\batik-gvt-1.13.jar;C:\Users\AkhilKamsani\.m2\repository\org\apache\xmlgraphics\batik-i18n\1.13\batik-i18n-1.13.jar;C:\Users\AkhilKamsani\.m2\repository\org\apache\xmlgraphics\batik-parser\1.13\batik-parser-1.13.jar;C:\Users\AkhilKamsani\.m2\repository\org\apache\xmlgraphics\batik-rasterizer-ext\1.13\batik-rasterizer-ext-1.13.jar;C:\Users\AkhilKamsani\.m2\repository\org\apache\xmlgraphics\batik-rasterizer\1.13\batik-rasterizer-1.13.jar;C:\Users\AkhilKamsani\.m2\repository\org\apache\xmlgraphics\batik-script\1.13\batik-script-1.13.jar;C:\Users\AkhilKamsani\.m2\repository\org\apache\xmlgraphics\batik-slideshow\1.13\batik-slideshow-1.13.jar;C:\Users\AkhilKamsani\.m2\repository\org\apache\xmlgraphics\batik-squiggle-ext\1.13\batik-squiggle-ext-1.13.jar;C:\Users\AkhilKamsani\.m2\repository\org\apache\xmlgraphics\batik-squiggle\1.13\batik-squiggle-1.13.jar;C:\Users\AkhilKamsani\.m2\repository\org\apache\xmlgraphics\batik-svg-dom\1.13\batik-svg-dom-1.13.jar;C:\Users\AkhilKamsani\.m2\repository\org\apache\xmlgraphics\batik-svgbrowser\1.13\batik-svgbrowser-1.13.jar;C:\Users\AkhilKamsani\.m2\repository\org\apache\xmlgraphics\batik-svggen\1.13\batik-svggen-1.13.jar;C:\Users\AkhilKamsani\.m2\repository\org\apache\xmlgraphics\batik-svgpp\1.13\batik-svgpp-1.13.jar;C:\Users\AkhilKamsani\.m2\repository\org\apache\xmlgraphics\batik-svgrasterizer\1.13\batik-svgrasterizer-1.13.jar;C:\Users\AkhilKamsani\.m2\repository\org\apache\xmlgraphics\batik-swing\1.13\batik-swing-1.13.jar;C:\Users\AkhilKamsani\.m2\repository\org\apache\xmlgraphics\batik-transcoder\1.13\batik-transcoder-1.13.jar;C:\Users\AkhilKamsani\.m2\repository\org\apache\xmlgraphics\batik-util\1.13\batik-util-1.13.jar;C:\Users\AkhilKamsani\.m2\repository\org\apache\xmlgraphics\batik-ttf2svg\1.13\batik-ttf2svg-1.13.jar;C:\Users\AkhilKamsani\.m2\repository\org\apache\xmlgraphics\batik-xml\1.13\batik-xml-1.13.jar;C:\Users\AkhilKamsani\.m2\repository\de\rototor\pdfbox\graphics2d\0.30\graphics2d-0.30.jar;C:\Users\AkhilKamsani\.m2\repository\org\apache\pdfbox\pdfbox\2.0.22\pdfbox-2.0.22.jar;C:\Users\AkhilKamsani\.m2\repository\org\apache\pdfbox\fontbox\2.0.22\fontbox-2.0.22.jar;C:\Users\AkhilKamsani\.m2\repository\com\opencsv\opencsv\3.3\opencsv-3.3.jar;C:\Users\AkhilKamsani\.m2\repository\com\googlecode\json-simple\json-simple\1.1.1\json-simple-1.1.1.jar;"/>
    <property name="sun.cpu.endian" value="little"/>
    <property name="user.home" value="C:\Users\AkhilKamsani"/>
    <property name="user.language" value="en"/>
    <property name="java.specification.vendor" value="Oracle Corporation"/>
    <property name="java.home" value="C:\Program Files\Java\jdk1.8.0_341\jre"/>
    <property name="basedir" value="D:\AIMS360_Testing\runway\sourcecode\QA\ui-automation\webuitest"/>
    <property name="file.separator" value="\"/>
    <property name="line.separator" value="&#10;"/>
    <property name="java.vm.specification.vendor" value="Oracle Corporation"/>
    <property name="java.specification.name" value="Java Platform API Specification"/>
    <property name="java.awt.graphicsenv" value="sun.awt.Win32GraphicsEnvironment"/>
    <property name="surefire.real.class.path" value="C:\Users\AKHILK~1\AppData\Local\Temp\surefire3483133912556580963\surefirebooter5961893537259448210.jar"/>
    <property name="sun.boot.class.path" value="C:\Program Files\Java\jdk1.8.0_341\jre\lib\resources.jar;C:\Program Files\Java\jdk1.8.0_341\jre\lib\rt.jar;C:\Program Files\Java\jdk1.8.0_341\jre\lib\jsse.jar;C:\Program Files\Java\jdk1.8.0_341\jre\lib\jce.jar;C:\Program Files\Java\jdk1.8.0_341\jre\lib\charsets.jar;C:\Program Files\Java\jdk1.8.0_341\jre\lib\jfr.jar;C:\Program Files\Java\jdk1.8.0_341\jre\classes"/>
    <property name="user.script" value=""/>
    <property name="sun.management.compiler" value="HotSpot 64-Bit Tiered Compilers"/>
    <property name="java.runtime.version" value="1.8.0_341-b10"/>
    <property name="user.name" value="AkhilKamsani"/>
    <property name="path.separator" value=";"/>
    <property name="os.version" value="10.0"/>
    <property name="java.endorsed.dirs" value="C:\Program Files\Java\jdk1.8.0_341\jre\lib\endorsed"/>
    <property name="java.runtime.name" value="Java(TM) SE Runtime Environment"/>
    <property name="file.encoding" value="Cp1252"/>
    <property name="java.vm.name" value="Java HotSpot(TM) 64-Bit Server VM"/>
    <property name="localRepository" value="C:\Users\AkhilKamsani\.m2\repository"/>
    <property name="java.vendor.url.bug" value="http://bugreport.sun.com/bugreport/"/>
    <property name="java.io.tmpdir" value="C:\Users\AKHILK~1\AppData\Local\Temp\"/>
    <property name="java.version" value="1.8.0_341"/>
    <property name="user.dir" value="D:\AIMS360_Testing\runway\sourcecode\QA\ui-automation\webuitest"/>
    <property name="os.arch" value="amd64"/>
    <property name="java.vm.specification.name" value="Java Virtual Machine Specification"/>
    <property name="java.awt.printerjob" value="sun.awt.windows.WPrinterJob"/>
    <property name="sun.os.patch.level" value=""/>
    <property name="java.library.path" value="C:\Program Files\Java\jdk1.8.0_341\jre\bin;C:\WINDOWS\Sun\Java\bin;C:\WINDOWS\system32;C:\WINDOWS;C:\Program Files (x86)\Common Files\Oracle\Java\javapath;C:\WINDOWS\system32;C:\WINDOWS;C:\WINDOWS\System32\Wbem;C:\WINDOWS\System32\WindowsPowerShell\v1.0\;C:\WINDOWS\System32\OpenSSH\;C:\Program Files\Java\jdk1.8.0_341\bin;C:\Program Files\Git\cmd;C:\Users\AkhilKamsani\Downloads\apache-maven-3.8.1-bin\apache-maven-3.8.1\bin;C:\Program Files\nodejs\;C:\Users\AkhilKamsani\AppData\Local\Microsoft\WindowsApps;;C:\Users\AkhilKamsani\AppData\Local\Programs\Microsoft VS Code\bin;C:\Users\AkhilKamsani\AppData\Roaming\npm;."/>
    <property name="java.vm.info" value="mixed mode"/>
    <property name="java.vendor" value="Oracle Corporation"/>
    <property name="java.vm.version" value="25.341-b10"/>
    <property name="java.ext.dirs" value="C:\Program Files\Java\jdk1.8.0_341\jre\lib\ext;C:\WINDOWS\Sun\Java\lib\ext"/>
    <property name="sun.io.unicode.encoding" value="UnicodeLittle"/>
    <property name="java.class.version" value="52.0"/>
  </properties>
  <testcase name="SyncJObsTest" classname="com.runway.test.ui.SyncJobs" time="28.573">
    <failure message="Index: 2, Size: 1" type="java.lang.IndexOutOfBoundsException">java.lang.IndexOutOfBoundsException: Index: 2, Size: 1
	at com.runway.test.ui.SyncJobs.SyncJObsTest(SyncJobs.java:130)
</failure>
    <system-out><![CDATA[os.name=windows 11
]]></system-out>
    <system-err><![CDATA[SLF4J: Class path contains multiple SLF4J bindings.
SLF4J: Found binding in [jar:file:/C:/Users/AkhilKamsani/.m2/repository/org/slf4j/slf4j-jdk14/1.7.7/slf4j-jdk14-1.7.7.jar!/org/slf4j/impl/StaticLoggerBinder.class]
SLF4J: Found binding in [jar:file:/C:/Users/AkhilKamsani/.m2/repository/org/slf4j/slf4j-log4j12/1.7.7/slf4j-log4j12-1.7.7.jar!/org/slf4j/impl/StaticLoggerBinder.class]
SLF4J: See http://www.slf4j.org/codes.html#multiple_bindings for an explanation.
SLF4J: Actual binding is of type [org.slf4j.impl.JDK14LoggerFactory]
Dec 14, 2022 4:49:24 PM com.ots.test.ui.common.utils.PropsHandler getProperties
INFO: Properties file test.properties
Dec 14, 2022 4:49:24 PM com.ots.test.ui.common.utils.UITestSeleniumHelper <init>
INFO: ***** UITestHAndler: APP_BASE_URL http://localhost:8080/WebApp
Dec 14, 2022 4:49:24 PM com.ots.test.ui.common.utils.TestNGCustomResults onStart
INFO: -->Starting Surefire test
Dec 14, 2022 4:49:24 PM com.ots.test.ui.common.utils.UITestSeleniumHelper openBrowser
INFO: Opening chrome
Dec 14, 2022 4:49:24 PM org.openqa.selenium.remote.DesiredCapabilities chrome
INFO: Using `new ChromeOptions()` is preferred to `DesiredCapabilities.chrome()`
Starting ChromeDriver 107.0.5304.62 (1eec40d3a5764881c92085aaee66d25075c159aa-refs/branch-heads/5304@{#942}) on port 49585
Only local connections are allowed.
Please see https://chromedriver.chromium.org/security-considerations for suggestions on keeping ChromeDriver safe.
ChromeDriver was started successfully.
[1671016768.112][WARNING]: This version of ChromeDriver has not been tested with Chrome version 108.
Dec 14, 2022 4:49:28 PM org.openqa.selenium.remote.ProtocolHandshake createSession
INFO: Detected dialect: W3C
Dec 14, 2022 4:49:28 PM com.ots.test.ui.common.utils.UITestSeleniumHelper maximizeWindow
INFO: Maximize window...
Dec 14, 2022 4:49:28 PM com.runway.test.ui.SyncJobs setup
INFO: Navigating URL
Dec 14, 2022 4:49:28 PM com.ots.test.ui.common.utils.UITestSeleniumHelper navigateTo
INFO: Going to url - https://witre.aims360runway.com/
Dec 14, 2022 4:49:34 PM com.ots.test.ui.common.utils.TestNGCustomResults onTestStart
INFO: -->Starting SyncJObsTest
Dec 14, 2022 4:49:34 PM com.ots.test.ui.common.utils.UITestSeleniumHelper loginPage
INFO: Getting UserName component and send username
Dec 14, 2022 4:49:35 PM com.ots.test.ui.common.utils.UITestSeleniumHelper loginPage
INFO: Getting password component and send password
Dec 14, 2022 4:49:35 PM com.ots.test.ui.common.utils.UITestSeleniumHelper loginPage
INFO: Getting Sign In component
Dec 14, 2022 4:49:35 PM com.runway.test.ui.SyncJobs SyncJObsTest
INFO: Clicking Sync Jobs
Dec 14, 2022 4:49:35 PM com.ots.test.ui.common.utils.UITestSeleniumHelper findElementsByClassName
INFO: Find elements by class: c-sidebar-nav-dropdown-toggle
Dec 14, 2022 4:49:41 PM com.ots.test.ui.common.utils.UITestSeleniumHelper findElementByXPath
INFO: Find an element by xpath: //a[text()='Sync Jobs']
Dec 14, 2022 4:49:44 PM com.runway.test.ui.SyncJobs SyncJObsTest
INFO: Selecting Show History dropdown
Dec 14, 2022 4:49:44 PM com.ots.test.ui.common.utils.UITestSeleniumHelper findElementByXPath
INFO: Find an element by xpath: //div[@class='col-md-3']//child::select
Dec 14, 2022 4:49:47 PM com.ots.test.ui.common.utils.UITestSeleniumHelper findElementsByXPath
INFO: Find elements by xpath: //div[@class='col-md-3']//child::select//child::option
Dec 14, 2022 4:49:50 PM com.runway.test.ui.SyncJobs SyncJObsTest
INFO: Clicking select option
Dec 14, 2022 4:49:50 PM com.ots.test.ui.common.utils.UITestSeleniumHelper findElementByXPath
INFO: Find an element by xpath: //option[@val='10']
Dec 14, 2022 4:49:53 PM com.ots.test.ui.common.utils.UITestSeleniumHelper findElementByTagName
INFO: Find an element by tagName: table
Dec 14, 2022 4:49:57 PM com.ots.test.ui.common.utils.UITestSeleniumHelper findElementByXPath
INFO: Find an element by xpath: //input[@placeholder='search']
Dec 14, 2022 4:50:00 PM com.ots.test.ui.common.utils.UITestSeleniumHelper findElementByTagName
INFO: Find an element by tagName: table
Dec 14, 2022 4:50:03 PM com.runway.test.ui.SyncJobs SyncJObsTest
INFO: Getting rows from Sync data table
Dec 14, 2022 4:50:03 PM com.ots.test.ui.common.utils.TestNGCustomResults onTestFailure
INFO: -->Failure SyncJObsTest
]]></system-err>
  </testcase>
  <testcase name="syncJobPaginationTest" classname="com.runway.test.ui.SyncJobs" time="31.329">
    <failure message="Expected condition failed: waiting for visibility of element located by By.xpath: //a[text()=&apos;›&apos;] (tried for 25 second(s) with 500 milliseconds interval)&#10;Build info: version: &apos;3.141.59&apos;, revision: &apos;e82be7d358&apos;, time: &apos;2018-11-14T08:17:03&apos;&#10;System info: host: &apos;NEXGEN84&apos;, ip: &apos;192.168.1.204&apos;, os.name: &apos;Windows 11&apos;, os.arch: &apos;amd64&apos;, os.version: &apos;10.0&apos;, java.version: &apos;1.8.0_341&apos;&#10;Driver info: org.openqa.selenium.chrome.ChromeDriver&#10;Capabilities {acceptInsecureCerts: false, browserName: chrome, browserVersion: 108.0.5359.124, chrome: {chromedriverVersion: 107.0.5304.62 (1eec40d3a576..., userDataDir: C:\Users\AKHILK~1\AppData\L...}, goog:chromeOptions: {debuggerAddress: localhost:56724}, javascriptEnabled: true, networkConnectionEnabled: false, pageLoadStrategy: normal, platform: WINDOWS, platformName: WINDOWS, proxy: Proxy(), setWindowRect: true, strictFileInteractability: false, timeouts: {implicit: 0, pageLoad: 300000, script: 30000}, unhandledPromptBehavior: dismiss and notify, webauthn:extension:credBlob: true, webauthn:extension:largeBlob: true, webauthn:virtualAuthenticators: true}&#10;Session ID: 7581db2dbdc24d9841cd5607b6a996a4" type="org.openqa.selenium.TimeoutException">org.openqa.selenium.TimeoutException: 
Expected condition failed: waiting for visibility of element located by By.xpath: //a[text()='›'] (tried for 25 second(s) with 500 milliseconds interval)
Build info: version: '3.141.59', revision: 'e82be7d358', time: '2018-11-14T08:17:03'
System info: host: 'NEXGEN84', ip: '192.168.1.204', os.name: 'Windows 11', os.arch: 'amd64', os.version: '10.0', java.version: '1.8.0_341'
Driver info: org.openqa.selenium.chrome.ChromeDriver
Capabilities {acceptInsecureCerts: false, browserName: chrome, browserVersion: 108.0.5359.124, chrome: {chromedriverVersion: 107.0.5304.62 (1eec40d3a576..., userDataDir: C:\Users\AKHILK~1\AppData\L...}, goog:chromeOptions: {debuggerAddress: localhost:56724}, javascriptEnabled: true, networkConnectionEnabled: false, pageLoadStrategy: normal, platform: WINDOWS, platformName: WINDOWS, proxy: Proxy(), setWindowRect: true, strictFileInteractability: false, timeouts: {implicit: 0, pageLoad: 300000, script: 30000}, unhandledPromptBehavior: dismiss and notify, webauthn:extension:credBlob: true, webauthn:extension:largeBlob: true, webauthn:virtualAuthenticators: true}
Session ID: 7581db2dbdc24d9841cd5607b6a996a4
	at com.runway.test.ui.SyncJobs.syncJobPaginationTest(SyncJobs.java:167)
</failure>
    <system-err><![CDATA[Dec 14, 2022 4:50:03 PM com.ots.test.ui.common.utils.TestNGCustomResults onTestStart
INFO: -->Starting syncJobPaginationTest
Dec 14, 2022 4:50:03 PM com.runway.test.ui.SyncJobs syncJobPaginationTest
INFO: Getting first Job Id Details 
Dec 14, 2022 4:50:03 PM com.ots.test.ui.common.utils.UITestSeleniumHelper findElementsByXPath
INFO: Find elements by xpath: //tr//child::td
Dec 14, 2022 4:50:06 PM com.runway.test.ui.SyncJobs syncJobPaginationTest
INFO: Clicking pagantion forward arrow icon
Dec 14, 2022 4:50:06 PM com.ots.test.ui.common.utils.UITestSeleniumHelper findElementByXPath
INFO: Find an element by xpath: //a[text()='›']
Dec 14, 2022 4:50:34 PM com.ots.test.ui.common.utils.TestNGCustomResults onTestFailure
INFO: -->Failure syncJobPaginationTest
]]></system-err>
  </testcase>
  <testcase name="purchaseOrderCountTest" classname="com.runway.test.ui.SyncJobs" time="3.137">
    <failure message="Index: 4, Size: 1" type="java.lang.IndexOutOfBoundsException">java.lang.IndexOutOfBoundsException: Index: 4, Size: 1
	at com.runway.test.ui.SyncJobs.purchaseOrderCountTest(SyncJobs.java:188)
</failure>
    <system-err><![CDATA[Dec 14, 2022 4:50:34 PM com.ots.test.ui.common.utils.TestNGCustomResults onTestStart
INFO: -->Starting purchaseOrderCountTest
Dec 14, 2022 4:50:34 PM com.runway.test.ui.SyncJobs purchaseOrderCountTest
INFO: Getting Items proccessed
Dec 14, 2022 4:50:34 PM com.ots.test.ui.common.utils.UITestSeleniumHelper findElementsByXPath
INFO: Find elements by xpath: //table//tr
Dec 14, 2022 4:50:37 PM com.runway.test.ui.SyncJobs purchaseOrderCountTest
INFO: Getting Items processed for first row from Sync data table
Dec 14, 2022 4:50:37 PM com.ots.test.ui.common.utils.TestNGCustomResults onTestFailure
INFO: -->Failure purchaseOrderCountTest
]]></system-err>
  </testcase>
  <testcase name="successCountTest" classname="com.runway.test.ui.SyncJobs" time="3.114">
    <failure message="Index: 1, Size: 1" type="java.lang.IndexOutOfBoundsException">java.lang.IndexOutOfBoundsException: Index: 1, Size: 1
	at com.runway.test.ui.SyncJobs.successCountTest(SyncJobs.java:222)
</failure>
    <system-err><![CDATA[Dec 14, 2022 4:50:38 PM com.ots.test.ui.common.utils.TestNGCustomResults onTestStart
INFO: -->Starting successCountTest
Dec 14, 2022 4:50:38 PM com.runway.test.ui.SyncJobs successCountTest
INFO: Clicking success count value
Dec 14, 2022 4:50:38 PM com.ots.test.ui.common.utils.UITestSeleniumHelper findElementsByXPath
INFO: Find elements by xpath: //table//tbody//tr
Dec 14, 2022 4:50:41 PM com.ots.test.ui.common.utils.TestNGCustomResults onTestFailure
INFO: -->Failure successCountTest
]]></system-err>
  </testcase>
  <testcase name="SyncedPoUrlTest" classname="com.runway.test.ui.SyncJobs" time="3.115">
    <failure message="Index: 1, Size: 1" type="java.lang.IndexOutOfBoundsException">java.lang.IndexOutOfBoundsException: Index: 1, Size: 1
	at com.runway.test.ui.SyncJobs.SyncedPoUrlTest(SyncJobs.java:256)
</failure>
    <system-err><![CDATA[Dec 14, 2022 4:50:41 PM com.ots.test.ui.common.utils.TestNGCustomResults onTestStart
INFO: -->Starting SyncedPoUrlTest
Dec 14, 2022 4:50:41 PM com.runway.test.ui.SyncJobs SyncedPoUrlTest
INFO: Clicking success count value
Dec 14, 2022 4:50:41 PM com.ots.test.ui.common.utils.UITestSeleniumHelper findElementsByXPath
INFO: Find elements by xpath: //table//tbody//tr
Dec 14, 2022 4:50:44 PM com.ots.test.ui.common.utils.TestNGCustomResults onTestFailure
INFO: -->Failure SyncedPoUrlTest
]]></system-err>
  </testcase>
  <testcase name="failedCountTest" classname="com.runway.test.ui.SyncJobs" time="28.271">
    <failure message="Expected condition failed: waiting for visibility of element located by By.xpath: //table//tbody//tr (tried for 25 second(s) with 500 milliseconds interval)" type="org.openqa.selenium.TimeoutException">org.openqa.selenium.TimeoutException: Expected condition failed: waiting for visibility of element located by By.xpath: //table//tbody//tr (tried for 25 second(s) with 500 milliseconds interval)
	at com.runway.test.ui.SyncJobs.failedCountTest(SyncJobs.java:275)
Caused by: org.openqa.selenium.NoSuchElementException: 
no such element: Unable to locate element: {"method":"xpath","selector":"//table//tbody//tr"}
  (Session info: chrome=108.0.5359.124)
For documentation on this error, please visit: https://www.seleniumhq.org/exceptions/no_such_element.html
Build info: version: '3.141.59', revision: 'e82be7d358', time: '2018-11-14T08:17:03'
System info: host: 'NEXGEN84', ip: '192.168.1.204', os.name: 'Windows 11', os.arch: 'amd64', os.version: '10.0', java.version: '1.8.0_341'
Driver info: org.openqa.selenium.chrome.ChromeDriver
Capabilities {acceptInsecureCerts: false, browserName: chrome, browserVersion: 108.0.5359.124, chrome: {chromedriverVersion: 107.0.5304.62 (1eec40d3a576..., userDataDir: C:\Users\AKHILK~1\AppData\L...}, goog:chromeOptions: {debuggerAddress: localhost:56724}, javascriptEnabled: true, networkConnectionEnabled: false, pageLoadStrategy: normal, platform: WINDOWS, platformName: WINDOWS, proxy: Proxy(), setWindowRect: true, strictFileInteractability: false, timeouts: {implicit: 0, pageLoad: 300000, script: 30000}, unhandledPromptBehavior: dismiss and notify, webauthn:extension:credBlob: true, webauthn:extension:largeBlob: true, webauthn:virtualAuthenticators: true}
Session ID: 7581db2dbdc24d9841cd5607b6a996a4
*** Element info: {Using=xpath, value=//table//tbody//tr}
	at com.runway.test.ui.SyncJobs.failedCountTest(SyncJobs.java:275)
</failure>
    <system-err><![CDATA[Dec 14, 2022 4:50:44 PM com.ots.test.ui.common.utils.TestNGCustomResults onTestStart
INFO: -->Starting failedCountTest
Dec 14, 2022 4:50:44 PM com.ots.test.ui.common.utils.UITestSeleniumHelper findElementsByXPath
INFO: Find elements by xpath: //table//tbody//tr
Dec 14, 2022 4:51:12 PM com.ots.test.ui.common.utils.TestNGCustomResults onTestFailure
INFO: -->Failure failedCountTest
]]></system-err>
  </testcase>
  <testcase name="jobIdfilterTest" classname="com.runway.test.ui.SyncJobs" time="28.058">
    <failure message="Expected condition failed: waiting for visibility of element located by By.xpath: //table//tr (tried for 25 second(s) with 500 milliseconds interval)" type="org.openqa.selenium.TimeoutException">org.openqa.selenium.TimeoutException: Expected condition failed: waiting for visibility of element located by By.xpath: //table//tr (tried for 25 second(s) with 500 milliseconds interval)
	at com.runway.test.ui.SyncJobs.jobIdfilterTest(SyncJobs.java:313)
Caused by: org.openqa.selenium.NoSuchElementException: 
no such element: Unable to locate element: {"method":"xpath","selector":"//table//tr"}
  (Session info: chrome=108.0.5359.124)
For documentation on this error, please visit: https://www.seleniumhq.org/exceptions/no_such_element.html
Build info: version: '3.141.59', revision: 'e82be7d358', time: '2018-11-14T08:17:03'
System info: host: 'NEXGEN84', ip: '192.168.1.204', os.name: 'Windows 11', os.arch: 'amd64', os.version: '10.0', java.version: '1.8.0_341'
Driver info: org.openqa.selenium.chrome.ChromeDriver
Capabilities {acceptInsecureCerts: false, browserName: chrome, browserVersion: 108.0.5359.124, chrome: {chromedriverVersion: 107.0.5304.62 (1eec40d3a576..., userDataDir: C:\Users\AKHILK~1\AppData\L...}, goog:chromeOptions: {debuggerAddress: localhost:56724}, javascriptEnabled: true, networkConnectionEnabled: false, pageLoadStrategy: normal, platform: WINDOWS, platformName: WINDOWS, proxy: Proxy(), setWindowRect: true, strictFileInteractability: false, timeouts: {implicit: 0, pageLoad: 300000, script: 30000}, unhandledPromptBehavior: dismiss and notify, webauthn:extension:credBlob: true, webauthn:extension:largeBlob: true, webauthn:virtualAuthenticators: true}
Session ID: 7581db2dbdc24d9841cd5607b6a996a4
*** Element info: {Using=xpath, value=//table//tr}
	at com.runway.test.ui.SyncJobs.jobIdfilterTest(SyncJobs.java:313)
</failure>
    <system-err><![CDATA[Dec 14, 2022 4:51:12 PM com.ots.test.ui.common.utils.TestNGCustomResults onTestStart
INFO: -->Starting jobIdfilterTest
Dec 14, 2022 4:51:12 PM com.runway.test.ui.SyncJobs jobIdfilterTest
INFO: Clicking success count value
Dec 14, 2022 4:51:12 PM com.ots.test.ui.common.utils.UITestSeleniumHelper findElementsByXPath
INFO: Find elements by xpath: //table//tr
Dec 14, 2022 4:51:40 PM com.ots.test.ui.common.utils.TestNGCustomResults onTestFailure
INFO: -->Failure jobIdfilterTest
]]></system-err>
  </testcase>
</testsuite>