<?xml version="1.0" encoding="UTF-8"?>
<testsuite xmlns:xsi="http://www.w3.org/2001/XMLSchema-instance" xsi:noNamespaceSchemaLocation="https://maven.apache.org/surefire/maven-surefire-plugin/xsd/surefire-test-report.xsd" name="com.runway.test.ui.SyncData" time="295.075" tests="8" errors="0" skipped="0" failures="0">
  <properties>
    <property name="sun.desktop" value="windows"/>
    <property name="awt.toolkit" value="sun.awt.windows.WToolkit"/>
    <property name="file.encoding.pkg" value="sun.io"/>
    <property name="java.specification.version" value="1.8"/>
    <property name="sun.cpu.isalist" value="amd64"/>
    <property name="sun.jnu.encoding" value="Cp1252"/>
    <property name="java.class.path" value="D:\AIMS360_Testing\runway\sourcecode\QA\ui-automation\webuitest\target\test-classes;D:\AIMS360_Testing\runway\sourcecode\QA\ui-automation\webuitest\target\classes;C:\Users\AkhilKamsani\.m2\repository\com\konghq\unirest-java\3.11.11\unirest-java-3.11.11.jar;C:\Users\AkhilKamsani\.m2\repository\org\apache\httpcomponents\httpmime\4.5.13\httpmime-4.5.13.jar;C:\Users\AkhilKamsani\.m2\repository\org\apache\httpcomponents\httpcore-nio\4.4.13\httpcore-nio-4.4.13.jar;C:\Users\AkhilKamsani\.m2\repository\org\apache\httpcomponents\httpasyncclient\4.1.4\httpasyncclient-4.1.4.jar;C:\Users\AkhilKamsani\.m2\repository\org\testng\testng\7.0.0\testng-7.0.0.jar;C:\Users\AkhilKamsani\.m2\repository\com\beust\jcommander\1.72\jcommander-1.72.jar;C:\Users\AkhilKamsani\.m2\repository\junit\junit\4.13.2\junit-4.13.2.jar;C:\Users\AkhilKamsani\.m2\repository\org\hamcrest\hamcrest-core\1.3\hamcrest-core-1.3.jar;C:\Users\AkhilKamsani\.m2\repository\org\json\json\20190722\json-20190722.jar;C:\Users\AkhilKamsani\.m2\repository\io\rest-assured\rest-assured\3.2.0\rest-assured-3.2.0.jar;C:\Users\AkhilKamsani\.m2\repository\org\codehaus\groovy\groovy\2.4.15\groovy-2.4.15.jar;C:\Users\AkhilKamsani\.m2\repository\org\codehaus\groovy\groovy-xml\2.4.15\groovy-xml-2.4.15.jar;C:\Users\AkhilKamsani\.m2\repository\org\hamcrest\hamcrest-library\1.3\hamcrest-library-1.3.jar;C:\Users\AkhilKamsani\.m2\repository\org\ccil\cowan\tagsoup\tagsoup\1.2.1\tagsoup-1.2.1.jar;C:\Users\AkhilKamsani\.m2\repository\io\rest-assured\json-path\3.2.0\json-path-3.2.0.jar;C:\Users\AkhilKamsani\.m2\repository\org\codehaus\groovy\groovy-json\2.4.15\groovy-json-2.4.15.jar;C:\Users\AkhilKamsani\.m2\repository\io\rest-assured\rest-assured-common\3.2.0\rest-assured-common-3.2.0.jar;C:\Users\AkhilKamsani\.m2\repository\io\rest-assured\xml-path\3.2.0\xml-path-3.2.0.jar;C:\Users\AkhilKamsani\.m2\repository\javax\xml\bind\jaxb-api\2.2.12\jaxb-api-2.2.12.jar;C:\Users\AkhilKamsani\.m2\repository\com\sun\xml\bind\jaxb-osgi\2.2.10\jaxb-osgi-2.2.10.jar;C:\Users\AkhilKamsani\.m2\repository\org\apache\sling\org.apache.sling.javax.activation\0.1.0\org.apache.sling.javax.activation-0.1.0.jar;C:\Users\AkhilKamsani\.m2\repository\org\hamcrest\hamcrest-all\1.3\hamcrest-all-1.3.jar;C:\Users\AkhilKamsani\.m2\repository\org\seleniumhq\selenium\selenium-java\3.141.59\selenium-java-3.141.59.jar;C:\Users\AkhilKamsani\.m2\repository\org\seleniumhq\selenium\selenium-api\3.141.59\selenium-api-3.141.59.jar;C:\Users\AkhilKamsani\.m2\repository\org\seleniumhq\selenium\selenium-chrome-driver\3.141.59\selenium-chrome-driver-3.141.59.jar;C:\Users\AkhilKamsani\.m2\repository\org\seleniumhq\selenium\selenium-edge-driver\3.141.59\selenium-edge-driver-3.141.59.jar;C:\Users\AkhilKamsani\.m2\repository\org\seleniumhq\selenium\selenium-firefox-driver\3.141.59\selenium-firefox-driver-3.141.59.jar;C:\Users\AkhilKamsani\.m2\repository\org\seleniumhq\selenium\selenium-ie-driver\3.141.59\selenium-ie-driver-3.141.59.jar;C:\Users\AkhilKamsani\.m2\repository\org\seleniumhq\selenium\selenium-opera-driver\3.141.59\selenium-opera-driver-3.141.59.jar;C:\Users\AkhilKamsani\.m2\repository\org\seleniumhq\selenium\selenium-remote-driver\3.141.59\selenium-remote-driver-3.141.59.jar;C:\Users\AkhilKamsani\.m2\repository\org\seleniumhq\selenium\selenium-safari-driver\3.141.59\selenium-safari-driver-3.141.59.jar;C:\Users\AkhilKamsani\.m2\repository\org\seleniumhq\selenium\selenium-support\3.141.59\selenium-support-3.141.59.jar;C:\Users\AkhilKamsani\.m2\repository\net\bytebuddy\byte-buddy\1.8.15\byte-buddy-1.8.15.jar;C:\Users\AkhilKamsani\.m2\repository\com\squareup\okhttp3\okhttp\3.11.0\okhttp-3.11.0.jar;C:\Users\AkhilKamsani\.m2\repository\com\squareup\okio\okio\1.14.0\okio-1.14.0.jar;C:\Users\AkhilKamsani\.m2\repository\com\opera\operadriver\1.5\operadriver-1.5.jar;C:\Users\AkhilKamsani\.m2\repository\com\opera\operalaunchers\1.1\operalaunchers-1.1.jar;C:\Users\AkhilKamsani\.m2\repository\com\google\protobuf\protobuf-java\2.4.1\protobuf-java-2.4.1.jar;C:\Users\AkhilKamsani\.m2\repository\commons-jxpath\commons-jxpath\1.3\commons-jxpath-1.3.jar;C:\Users\AkhilKamsani\.m2\repository\org\ini4j\ini4j\0.5.2\ini4j-0.5.2.jar;C:\Users\AkhilKamsani\.m2\repository\org\seleniumhq\selenium\htmlunit-driver\2.20\htmlunit-driver-2.20.jar;C:\Users\AkhilKamsani\.m2\repository\net\sourceforge\htmlunit\htmlunit\2.20\htmlunit-2.20.jar;C:\Users\AkhilKamsani\.m2\repository\xalan\xalan\2.7.2\xalan-2.7.2.jar;C:\Users\AkhilKamsani\.m2\repository\xalan\serializer\2.7.2\serializer-2.7.2.jar;C:\Users\AkhilKamsani\.m2\repository\net\sourceforge\htmlunit\htmlunit-core-js\2.17\htmlunit-core-js-2.17.jar;C:\Users\AkhilKamsani\.m2\repository\xerces\xercesImpl\2.11.0\xercesImpl-2.11.0.jar;C:\Users\AkhilKamsani\.m2\repository\xml-apis\xml-apis\1.4.01\xml-apis-1.4.01.jar;C:\Users\AkhilKamsani\.m2\repository\net\sourceforge\nekohtml\nekohtml\1.9.22\nekohtml-1.9.22.jar;C:\Users\AkhilKamsani\.m2\repository\net\sourceforge\cssparser\cssparser\0.9.18\cssparser-0.9.18.jar;C:\Users\AkhilKamsani\.m2\repository\org\w3c\css\sac\1.3\sac-1.3.jar;C:\Users\AkhilKamsani\.m2\repository\org\eclipse\jetty\websocket\websocket-client\9.2.15.v20160210\websocket-client-9.2.15.v20160210.jar;C:\Users\AkhilKamsani\.m2\repository\org\eclipse\jetty\jetty-util\9.2.15.v20160210\jetty-util-9.2.15.v20160210.jar;C:\Users\AkhilKamsani\.m2\repository\org\eclipse\jetty\jetty-io\9.2.15.v20160210\jetty-io-9.2.15.v20160210.jar;C:\Users\AkhilKamsani\.m2\repository\org\eclipse\jetty\websocket\websocket-common\9.2.15.v20160210\websocket-common-9.2.15.v20160210.jar;C:\Users\AkhilKamsani\.m2\repository\org\eclipse\jetty\websocket\websocket-api\9.2.15.v20160210\websocket-api-9.2.15.v20160210.jar;C:\Users\AkhilKamsani\.m2\repository\commons-collections\commons-collections\3.2.2\commons-collections-3.2.2.jar;C:\Users\AkhilKamsani\.m2\repository\org\slf4j\slf4j-api\1.7.7\slf4j-api-1.7.7.jar;C:\Users\AkhilKamsani\.m2\repository\org\slf4j\slf4j-jdk14\1.7.7\slf4j-jdk14-1.7.7.jar;C:\Users\AkhilKamsani\.m2\repository\ch\qos\logback\logback-classic\1.4.4\logback-classic-1.4.4.jar;C:\Users\AkhilKamsani\.m2\repository\ch\qos\logback\logback-core\1.4.4\logback-core-1.4.4.jar;C:\Users\AkhilKamsani\.m2\repository\org\slf4j\slf4j-log4j12\1.7.7\slf4j-log4j12-1.7.7.jar;C:\Users\AkhilKamsani\.m2\repository\log4j\log4j\1.2.17\log4j-1.2.17.jar;C:\Users\AkhilKamsani\.m2\repository\com\google\guava\guava\31.1-jre\guava-31.1-jre.jar;C:\Users\AkhilKamsani\.m2\repository\com\google\guava\failureaccess\1.0.1\failureaccess-1.0.1.jar;C:\Users\AkhilKamsani\.m2\repository\com\google\guava\listenablefuture\9999.0-empty-to-avoid-conflict-with-guava\listenablefuture-9999.0-empty-to-avoid-conflict-with-guava.jar;C:\Users\AkhilKamsani\.m2\repository\com\google\code\findbugs\jsr305\3.0.2\jsr305-3.0.2.jar;C:\Users\AkhilKamsani\.m2\repository\org\checkerframework\checker-qual\3.12.0\checker-qual-3.12.0.jar;C:\Users\AkhilKamsani\.m2\repository\com\google\errorprone\error_prone_annotations\2.11.0\error_prone_annotations-2.11.0.jar;C:\Users\AkhilKamsani\.m2\repository\com\google\j2objc\j2objc-annotations\1.3\j2objc-annotations-1.3.jar;C:\Users\AkhilKamsani\.m2\repository\org\jsoup\jsoup\1.15.3\jsoup-1.15.3.jar;C:\Users\AkhilKamsani\.m2\repository\org\apache\httpcomponents\httpclient\4.5.13\httpclient-4.5.13.jar;C:\Users\AkhilKamsani\.m2\repository\org\apache\httpcomponents\httpcore\4.4.13\httpcore-4.4.13.jar;C:\Users\AkhilKamsani\.m2\repository\commons-logging\commons-logging\1.2\commons-logging-1.2.jar;C:\Users\AkhilKamsani\.m2\repository\commons-codec\commons-codec\1.11\commons-codec-1.11.jar;C:\Users\AkhilKamsani\.m2\repository\com\google\code\gson\gson\2.8.9\gson-2.8.9.jar;C:\Users\AkhilKamsani\.m2\repository\commons-io\commons-io\2.7\commons-io-2.7.jar;C:\Users\AkhilKamsani\.m2\repository\org\apache\commons\commons-exec\1.3\commons-exec-1.3.jar;C:\Users\AkhilKamsani\.m2\repository\commons-lang\commons-lang\2.6\commons-lang-2.6.jar;C:\Users\AkhilKamsani\.m2\repository\io\appium\java-client\6.1.0\java-client-6.1.0.jar;C:\Users\AkhilKamsani\.m2\repository\cglib\cglib\3.2.6\cglib-3.2.6.jar;C:\Users\AkhilKamsani\.m2\repository\org\ow2\asm\asm\6.0\asm-6.0.jar;C:\Users\AkhilKamsani\.m2\repository\org\apache\ant\ant\1.9.6\ant-1.9.6.jar;C:\Users\AkhilKamsani\.m2\repository\org\apache\ant\ant-launcher\1.9.6\ant-launcher-1.9.6.jar;C:\Users\AkhilKamsani\.m2\repository\commons-validator\commons-validator\1.6\commons-validator-1.6.jar;C:\Users\AkhilKamsani\.m2\repository\commons-beanutils\commons-beanutils\1.9.2\commons-beanutils-1.9.2.jar;C:\Users\AkhilKamsani\.m2\repository\commons-digester\commons-digester\1.8.1\commons-digester-1.8.1.jar;C:\Users\AkhilKamsani\.m2\repository\org\apache\commons\commons-lang3\3.7\commons-lang3-3.7.jar;C:\Users\AkhilKamsani\.m2\repository\org\springframework\spring-context\5.0.5.RELEASE\spring-context-5.0.5.RELEASE.jar;C:\Users\AkhilKamsani\.m2\repository\org\springframework\spring-aop\5.0.5.RELEASE\spring-aop-5.0.5.RELEASE.jar;C:\Users\AkhilKamsani\.m2\repository\org\springframework\spring-beans\5.0.5.RELEASE\spring-beans-5.0.5.RELEASE.jar;C:\Users\AkhilKamsani\.m2\repository\org\springframework\spring-core\5.0.5.RELEASE\spring-core-5.0.5.RELEASE.jar;C:\Users\AkhilKamsani\.m2\repository\org\springframework\spring-jcl\5.0.5.RELEASE\spring-jcl-5.0.5.RELEASE.jar;C:\Users\AkhilKamsani\.m2\repository\org\springframework\spring-expression\5.0.5.RELEASE\spring-expression-5.0.5.RELEASE.jar;C:\Users\AkhilKamsani\.m2\repository\org\aspectj\aspectjweaver\1.9.1\aspectjweaver-1.9.1.jar;C:\Users\AkhilKamsani\.m2\repository\org\openpnp\opencv\3.2.0-1\opencv-3.2.0-1.jar;C:\Users\AkhilKamsani\.m2\repository\com\google\apis\google-api-services-gmail\v1-rev20181202-1.27.0\google-api-services-gmail-v1-rev20181202-1.27.0.jar;C:\Users\AkhilKamsani\.m2\repository\com\google\api-client\google-api-client\1.27.0\google-api-client-1.27.0.jar;C:\Users\AkhilKamsani\.m2\repository\com\google\oauth-client\google-oauth-client\1.27.0\google-oauth-client-1.27.0.jar;C:\Users\AkhilKamsani\.m2\repository\com\google\http-client\google-http-client\1.27.0\google-http-client-1.27.0.jar;C:\Users\AkhilKamsani\.m2\repository\com\google\http-client\google-http-client-jackson2\1.27.0\google-http-client-jackson2-1.27.0.jar;C:\Users\AkhilKamsani\.m2\repository\com\fasterxml\jackson\core\jackson-core\2.9.6\jackson-core-2.9.6.jar;C:\Users\AkhilKamsani\.m2\repository\com\google\oauth-client\google-oauth-client-jetty\1.27.0\google-oauth-client-jetty-1.27.0.jar;C:\Users\AkhilKamsani\.m2\repository\com\google\oauth-client\google-oauth-client-java6\1.27.0\google-oauth-client-java6-1.27.0.jar;C:\Users\AkhilKamsani\.m2\repository\org\mortbay\jetty\jetty\6.1.26\jetty-6.1.26.jar;C:\Users\AkhilKamsani\.m2\repository\org\mortbay\jetty\jetty-util\6.1.26\jetty-util-6.1.26.jar;C:\Users\AkhilKamsani\.m2\repository\org\mortbay\jetty\servlet-api\2.5-20081211\servlet-api-2.5-20081211.jar;C:\Users\AkhilKamsani\.m2\repository\javax\mail\mailapi\1.4.3\mailapi-1.4.3.jar;C:\Users\AkhilKamsani\.m2\repository\javax\activation\activation\1.1\activation-1.1.jar;C:\Users\AkhilKamsani\.m2\repository\com\google\zxing\javase\3.4.0\javase-3.4.0.jar;C:\Users\AkhilKamsani\.m2\repository\com\google\zxing\core\3.4.0\core-3.4.0.jar;C:\Users\AkhilKamsani\.m2\repository\com\github\jai-imageio\jai-imageio-core\1.4.0\jai-imageio-core-1.4.0.jar;C:\Users\AkhilKamsani\.m2\repository\org\bytedeco\javacpp-presets\tesseract\3.04-1.1\tesseract-3.04-1.1.jar;C:\Users\AkhilKamsani\.m2\repository\org\bytedeco\javacpp-presets\leptonica\1.72-1.1\leptonica-1.72-1.1.jar;C:\Users\AkhilKamsani\.m2\repository\org\bytedeco\javacpp-presets\leptonica\1.72-1.1\leptonica-1.72-1.1-windows-x86_64.jar;C:\Users\AkhilKamsani\.m2\repository\org\bytedeco\javacpp\1.1\javacpp-1.1.jar;C:\Users\AkhilKamsani\.m2\repository\org\bytedeco\javacpp-presets\tesseract\3.04-1.1\tesseract-3.04-1.1-windows-x86_64.jar;C:\Users\AkhilKamsani\.m2\repository\net\sourceforge\tess4j\tess4j\3.0.0\tess4j-3.0.0.jar;C:\Users\AkhilKamsani\.m2\repository\net\java\dev\jna\jna\4.2.1\jna-4.2.1.jar;C:\Users\AkhilKamsani\.m2\repository\org\ghost4j\ghost4j\1.0.0\ghost4j-1.0.0.jar;C:\Users\AkhilKamsani\.m2\repository\org\apache\xmlgraphics\xmlgraphics-commons\1.4\xmlgraphics-commons-1.4.jar;C:\Users\AkhilKamsani\.m2\repository\com\lowagie\itext\2.1.7\itext-2.1.7.jar;C:\Users\AkhilKamsani\.m2\repository\net\sourceforge\lept4j\lept4j\1.0.1\lept4j-1.0.1.jar;C:\Users\AkhilKamsani\.m2\repository\org\rococoa\rococoa-core\0.5\rococoa-core-0.5.jar;C:\Users\AkhilKamsani\.m2\repository\org\slf4j\jul-to-slf4j\1.7.13\jul-to-slf4j-1.7.13.jar;C:\Users\AkhilKamsani\.m2\repository\org\slf4j\jcl-over-slf4j\1.7.13\jcl-over-slf4j-1.7.13.jar;C:\Users\AkhilKamsani\.m2\repository\org\slf4j\log4j-over-slf4j\1.7.13\log4j-over-slf4j-1.7.13.jar;C:\Users\AkhilKamsani\.m2\repository\net\java\dev\jna\platform\3.4.0\platform-3.4.0.jar;C:\Users\AkhilKamsani\.m2\repository\org\apache\clerezza\ext\org.json.simple\0.4\org.json.simple-0.4.jar;C:\Users\AkhilKamsani\.m2\repository\org\apache\poi\poi-ooxml\5.0.0\poi-ooxml-5.0.0.jar;C:\Users\AkhilKamsani\.m2\repository\org\apache\poi\poi\5.0.0\poi-5.0.0.jar;C:\Users\AkhilKamsani\.m2\repository\org\apache\commons\commons-collections4\4.4\commons-collections4-4.4.jar;C:\Users\AkhilKamsani\.m2\repository\org\apache\commons\commons-math3\3.6.1\commons-math3-3.6.1.jar;C:\Users\AkhilKamsani\.m2\repository\com\zaxxer\SparseBitSet\1.2\SparseBitSet-1.2.jar;C:\Users\AkhilKamsani\.m2\repository\org\apache\poi\poi-ooxml-lite\5.0.0\poi-ooxml-lite-5.0.0.jar;C:\Users\AkhilKamsani\.m2\repository\org\apache\xmlbeans\xmlbeans\4.0.0\xmlbeans-4.0.0.jar;C:\Users\AkhilKamsani\.m2\repository\org\apache\commons\commons-compress\1.20\commons-compress-1.20.jar;C:\Users\AkhilKamsani\.m2\repository\com\github\virtuald\curvesapi\1.06\curvesapi-1.06.jar;C:\Users\AkhilKamsani\.m2\repository\org\bouncycastle\bcpkix-jdk15on\1.68\bcpkix-jdk15on-1.68.jar;C:\Users\AkhilKamsani\.m2\repository\org\bouncycastle\bcprov-jdk15on\1.68\bcprov-jdk15on-1.68.jar;C:\Users\AkhilKamsani\.m2\repository\org\apache\santuario\xmlsec\2.2.1\xmlsec-2.2.1.jar;C:\Users\AkhilKamsani\.m2\repository\com\fasterxml\woodstox\woodstox-core\5.2.1\woodstox-core-5.2.1.jar;C:\Users\AkhilKamsani\.m2\repository\org\codehaus\woodstox\stax2-api\4.2\stax2-api-4.2.jar;C:\Users\AkhilKamsani\.m2\repository\org\apache\xmlgraphics\batik-all\1.13\batik-all-1.13.jar;C:\Users\AkhilKamsani\.m2\repository\org\apache\xmlgraphics\batik-anim\1.13\batik-anim-1.13.jar;C:\Users\AkhilKamsani\.m2\repository\org\apache\xmlgraphics\batik-shared-resources\1.13\batik-shared-resources-1.13.jar;C:\Users\AkhilKamsani\.m2\repository\xml-apis\xml-apis-ext\1.3.04\xml-apis-ext-1.3.04.jar;C:\Users\AkhilKamsani\.m2\repository\org\apache\xmlgraphics\batik-awt-util\1.13\batik-awt-util-1.13.jar;C:\Users\AkhilKamsani\.m2\repository\org\apache\xmlgraphics\batik-bridge\1.13\batik-bridge-1.13.jar;C:\Users\AkhilKamsani\.m2\repository\org\apache\xmlgraphics\batik-codec\1.13\batik-codec-1.13.jar;C:\Users\AkhilKamsani\.m2\repository\org\apache\xmlgraphics\batik-constants\1.13\batik-constants-1.13.jar;C:\Users\AkhilKamsani\.m2\repository\org\apache\xmlgraphics\batik-css\1.13\batik-css-1.13.jar;C:\Users\AkhilKamsani\.m2\repository\org\apache\xmlgraphics\batik-dom\1.13\batik-dom-1.13.jar;C:\Users\AkhilKamsani\.m2\repository\org\apache\xmlgraphics\batik-ext\1.13\batik-ext-1.13.jar;C:\Users\AkhilKamsani\.m2\repository\org\apache\xmlgraphics\batik-extension\1.13\batik-extension-1.13.jar;C:\Users\AkhilKamsani\.m2\repository\org\apache\xmlgraphics\batik-gui-util\1.13\batik-gui-util-1.13.jar;C:\Users\AkhilKamsani\.m2\repository\org\apache\xmlgraphics\batik-gvt\1.13\batik-gvt-1.13.jar;C:\Users\AkhilKamsani\.m2\repository\org\apache\xmlgraphics\batik-i18n\1.13\batik-i18n-1.13.jar;C:\Users\AkhilKamsani\.m2\repository\org\apache\xmlgraphics\batik-parser\1.13\batik-parser-1.13.jar;C:\Users\AkhilKamsani\.m2\repository\org\apache\xmlgraphics\batik-rasterizer-ext\1.13\batik-rasterizer-ext-1.13.jar;C:\Users\AkhilKamsani\.m2\repository\org\apache\xmlgraphics\batik-rasterizer\1.13\batik-rasterizer-1.13.jar;C:\Users\AkhilKamsani\.m2\repository\org\apache\xmlgraphics\batik-script\1.13\batik-script-1.13.jar;C:\Users\AkhilKamsani\.m2\repository\org\apache\xmlgraphics\batik-slideshow\1.13\batik-slideshow-1.13.jar;C:\Users\AkhilKamsani\.m2\repository\org\apache\xmlgraphics\batik-squiggle-ext\1.13\batik-squiggle-ext-1.13.jar;C:\Users\AkhilKamsani\.m2\repository\org\apache\xmlgraphics\batik-squiggle\1.13\batik-squiggle-1.13.jar;C:\Users\AkhilKamsani\.m2\repository\org\apache\xmlgraphics\batik-svg-dom\1.13\batik-svg-dom-1.13.jar;C:\Users\AkhilKamsani\.m2\repository\org\apache\xmlgraphics\batik-svgbrowser\1.13\batik-svgbrowser-1.13.jar;C:\Users\AkhilKamsani\.m2\repository\org\apache\xmlgraphics\batik-svggen\1.13\batik-svggen-1.13.jar;C:\Users\AkhilKamsani\.m2\repository\org\apache\xmlgraphics\batik-svgpp\1.13\batik-svgpp-1.13.jar;C:\Users\AkhilKamsani\.m2\repository\org\apache\xmlgraphics\batik-svgrasterizer\1.13\batik-svgrasterizer-1.13.jar;C:\Users\AkhilKamsani\.m2\repository\org\apache\xmlgraphics\batik-swing\1.13\batik-swing-1.13.jar;C:\Users\AkhilKamsani\.m2\repository\org\apache\xmlgraphics\batik-transcoder\1.13\batik-transcoder-1.13.jar;C:\Users\AkhilKamsani\.m2\repository\org\apache\xmlgraphics\batik-util\1.13\batik-util-1.13.jar;C:\Users\AkhilKamsani\.m2\repository\org\apache\xmlgraphics\batik-ttf2svg\1.13\batik-ttf2svg-1.13.jar;C:\Users\AkhilKamsani\.m2\repository\org\apache\xmlgraphics\batik-xml\1.13\batik-xml-1.13.jar;C:\Users\AkhilKamsani\.m2\repository\de\rototor\pdfbox\graphics2d\0.30\graphics2d-0.30.jar;C:\Users\AkhilKamsani\.m2\repository\org\apache\pdfbox\pdfbox\2.0.22\pdfbox-2.0.22.jar;C:\Users\AkhilKamsani\.m2\repository\org\apache\pdfbox\fontbox\2.0.22\fontbox-2.0.22.jar;C:\Users\AkhilKamsani\.m2\repository\com\opencsv\opencsv\3.3\opencsv-3.3.jar;C:\Users\AkhilKamsani\.m2\repository\com\googlecode\json-simple\json-simple\1.1.1\json-simple-1.1.1.jar;"/>
    <property name="java.vm.vendor" value="Oracle Corporation"/>
    <property name="sun.arch.data.model" value="64"/>
    <property name="user.variant" value=""/>
    <property name="java.vendor.url" value="http://java.oracle.com/"/>
    <property name="user.timezone" value="Asia/Calcutta"/>
    <property name="user.country.format" value="AS"/>
    <property name="java.vm.specification.version" value="1.8"/>
    <property name="os.name" value="Windows 11"/>
    <property name="user.country" value="US"/>
    <property name="sun.java.launcher" value="SUN_STANDARD"/>
    <property name="sun.boot.library.path" value="C:\Program Files\Java\jdk1.8.0_341\jre\bin"/>
    <property name="sun.java.command" value="C:\Users\AKHILK~1\AppData\Local\Temp\surefire8585536864419336945\surefirebooter4137263835785678010.jar C:\Users\AkhilKamsani\AppData\Local\Temp\surefire8585536864419336945 2022-12-14T16-52-18_215-jvmRun1 surefire1561718855780162000tmp surefire_07812605130052501466tmp"/>
    <property name="test" value="SyncData"/>
    <property name="surefire.test.class.path" value="D:\AIMS360_Testing\runway\sourcecode\QA\ui-automation\webuitest\target\test-classes;D:\AIMS360_Testing\runway\sourcecode\QA\ui-automation\webuitest\target\classes;C:\Users\AkhilKamsani\.m2\repository\com\konghq\unirest-java\3.11.11\unirest-java-3.11.11.jar;C:\Users\AkhilKamsani\.m2\repository\org\apache\httpcomponents\httpmime\4.5.13\httpmime-4.5.13.jar;C:\Users\AkhilKamsani\.m2\repository\org\apache\httpcomponents\httpcore-nio\4.4.13\httpcore-nio-4.4.13.jar;C:\Users\AkhilKamsani\.m2\repository\org\apache\httpcomponents\httpasyncclient\4.1.4\httpasyncclient-4.1.4.jar;C:\Users\AkhilKamsani\.m2\repository\org\testng\testng\7.0.0\testng-7.0.0.jar;C:\Users\AkhilKamsani\.m2\repository\com\beust\jcommander\1.72\jcommander-1.72.jar;C:\Users\AkhilKamsani\.m2\repository\junit\junit\4.13.2\junit-4.13.2.jar;C:\Users\AkhilKamsani\.m2\repository\org\hamcrest\hamcrest-core\1.3\hamcrest-core-1.3.jar;C:\Users\AkhilKamsani\.m2\repository\org\json\json\20190722\json-20190722.jar;C:\Users\AkhilKamsani\.m2\repository\io\rest-assured\rest-assured\3.2.0\rest-assured-3.2.0.jar;C:\Users\AkhilKamsani\.m2\repository\org\codehaus\groovy\groovy\2.4.15\groovy-2.4.15.jar;C:\Users\AkhilKamsani\.m2\repository\org\codehaus\groovy\groovy-xml\2.4.15\groovy-xml-2.4.15.jar;C:\Users\AkhilKamsani\.m2\repository\org\hamcrest\hamcrest-library\1.3\hamcrest-library-1.3.jar;C:\Users\AkhilKamsani\.m2\repository\org\ccil\cowan\tagsoup\tagsoup\1.2.1\tagsoup-1.2.1.jar;C:\Users\AkhilKamsani\.m2\repository\io\rest-assured\json-path\3.2.0\json-path-3.2.0.jar;C:\Users\AkhilKamsani\.m2\repository\org\codehaus\groovy\groovy-json\2.4.15\groovy-json-2.4.15.jar;C:\Users\AkhilKamsani\.m2\repository\io\rest-assured\rest-assured-common\3.2.0\rest-assured-common-3.2.0.jar;C:\Users\AkhilKamsani\.m2\repository\io\rest-assured\xml-path\3.2.0\xml-path-3.2.0.jar;C:\Users\AkhilKamsani\.m2\repository\javax\xml\bind\jaxb-api\2.2.12\jaxb-api-2.2.12.jar;C:\Users\AkhilKamsani\.m2\repository\com\sun\xml\bind\jaxb-osgi\2.2.10\jaxb-osgi-2.2.10.jar;C:\Users\AkhilKamsani\.m2\repository\org\apache\sling\org.apache.sling.javax.activation\0.1.0\org.apache.sling.javax.activation-0.1.0.jar;C:\Users\AkhilKamsani\.m2\repository\org\hamcrest\hamcrest-all\1.3\hamcrest-all-1.3.jar;C:\Users\AkhilKamsani\.m2\repository\org\seleniumhq\selenium\selenium-java\3.141.59\selenium-java-3.141.59.jar;C:\Users\AkhilKamsani\.m2\repository\org\seleniumhq\selenium\selenium-api\3.141.59\selenium-api-3.141.59.jar;C:\Users\AkhilKamsani\.m2\repository\org\seleniumhq\selenium\selenium-chrome-driver\3.141.59\selenium-chrome-driver-3.141.59.jar;C:\Users\AkhilKamsani\.m2\repository\org\seleniumhq\selenium\selenium-edge-driver\3.141.59\selenium-edge-driver-3.141.59.jar;C:\Users\AkhilKamsani\.m2\repository\org\seleniumhq\selenium\selenium-firefox-driver\3.141.59\selenium-firefox-driver-3.141.59.jar;C:\Users\AkhilKamsani\.m2\repository\org\seleniumhq\selenium\selenium-ie-driver\3.141.59\selenium-ie-driver-3.141.59.jar;C:\Users\AkhilKamsani\.m2\repository\org\seleniumhq\selenium\selenium-opera-driver\3.141.59\selenium-opera-driver-3.141.59.jar;C:\Users\AkhilKamsani\.m2\repository\org\seleniumhq\selenium\selenium-remote-driver\3.141.59\selenium-remote-driver-3.141.59.jar;C:\Users\AkhilKamsani\.m2\repository\org\seleniumhq\selenium\selenium-safari-driver\3.141.59\selenium-safari-driver-3.141.59.jar;C:\Users\AkhilKamsani\.m2\repository\org\seleniumhq\selenium\selenium-support\3.141.59\selenium-support-3.141.59.jar;C:\Users\AkhilKamsani\.m2\repository\net\bytebuddy\byte-buddy\1.8.15\byte-buddy-1.8.15.jar;C:\Users\AkhilKamsani\.m2\repository\com\squareup\okhttp3\okhttp\3.11.0\okhttp-3.11.0.jar;C:\Users\AkhilKamsani\.m2\repository\com\squareup\okio\okio\1.14.0\okio-1.14.0.jar;C:\Users\AkhilKamsani\.m2\repository\com\opera\operadriver\1.5\operadriver-1.5.jar;C:\Users\AkhilKamsani\.m2\repository\com\opera\operalaunchers\1.1\operalaunchers-1.1.jar;C:\Users\AkhilKamsani\.m2\repository\com\google\protobuf\protobuf-java\2.4.1\protobuf-java-2.4.1.jar;C:\Users\AkhilKamsani\.m2\repository\commons-jxpath\commons-jxpath\1.3\commons-jxpath-1.3.jar;C:\Users\AkhilKamsani\.m2\repository\org\ini4j\ini4j\0.5.2\ini4j-0.5.2.jar;C:\Users\AkhilKamsani\.m2\repository\org\seleniumhq\selenium\htmlunit-driver\2.20\htmlunit-driver-2.20.jar;C:\Users\AkhilKamsani\.m2\repository\net\sourceforge\htmlunit\htmlunit\2.20\htmlunit-2.20.jar;C:\Users\AkhilKamsani\.m2\repository\xalan\xalan\2.7.2\xalan-2.7.2.jar;C:\Users\AkhilKamsani\.m2\repository\xalan\serializer\2.7.2\serializer-2.7.2.jar;C:\Users\AkhilKamsani\.m2\repository\net\sourceforge\htmlunit\htmlunit-core-js\2.17\htmlunit-core-js-2.17.jar;C:\Users\AkhilKamsani\.m2\repository\xerces\xercesImpl\2.11.0\xercesImpl-2.11.0.jar;C:\Users\AkhilKamsani\.m2\repository\xml-apis\xml-apis\1.4.01\xml-apis-1.4.01.jar;C:\Users\AkhilKamsani\.m2\repository\net\sourceforge\nekohtml\nekohtml\1.9.22\nekohtml-1.9.22.jar;C:\Users\AkhilKamsani\.m2\repository\net\sourceforge\cssparser\cssparser\0.9.18\cssparser-0.9.18.jar;C:\Users\AkhilKamsani\.m2\repository\org\w3c\css\sac\1.3\sac-1.3.jar;C:\Users\AkhilKamsani\.m2\repository\org\eclipse\jetty\websocket\websocket-client\9.2.15.v20160210\websocket-client-9.2.15.v20160210.jar;C:\Users\AkhilKamsani\.m2\repository\org\eclipse\jetty\jetty-util\9.2.15.v20160210\jetty-util-9.2.15.v20160210.jar;C:\Users\AkhilKamsani\.m2\repository\org\eclipse\jetty\jetty-io\9.2.15.v20160210\jetty-io-9.2.15.v20160210.jar;C:\Users\AkhilKamsani\.m2\repository\org\eclipse\jetty\websocket\websocket-common\9.2.15.v20160210\websocket-common-9.2.15.v20160210.jar;C:\Users\AkhilKamsani\.m2\repository\org\eclipse\jetty\websocket\websocket-api\9.2.15.v20160210\websocket-api-9.2.15.v20160210.jar;C:\Users\AkhilKamsani\.m2\repository\commons-collections\commons-collections\3.2.2\commons-collections-3.2.2.jar;C:\Users\AkhilKamsani\.m2\repository\org\slf4j\slf4j-api\1.7.7\slf4j-api-1.7.7.jar;C:\Users\AkhilKamsani\.m2\repository\org\slf4j\slf4j-jdk14\1.7.7\slf4j-jdk14-1.7.7.jar;C:\Users\AkhilKamsani\.m2\repository\ch\qos\logback\logback-classic\1.4.4\logback-classic-1.4.4.jar;C:\Users\AkhilKamsani\.m2\repository\ch\qos\logback\logback-core\1.4.4\logback-core-1.4.4.jar;C:\Users\AkhilKamsani\.m2\repository\org\slf4j\slf4j-log4j12\1.7.7\slf4j-log4j12-1.7.7.jar;C:\Users\AkhilKamsani\.m2\repository\log4j\log4j\1.2.17\log4j-1.2.17.jar;C:\Users\AkhilKamsani\.m2\repository\com\google\guava\guava\31.1-jre\guava-31.1-jre.jar;C:\Users\AkhilKamsani\.m2\repository\com\google\guava\failureaccess\1.0.1\failureaccess-1.0.1.jar;C:\Users\AkhilKamsani\.m2\repository\com\google\guava\listenablefuture\9999.0-empty-to-avoid-conflict-with-guava\listenablefuture-9999.0-empty-to-avoid-conflict-with-guava.jar;C:\Users\AkhilKamsani\.m2\repository\com\google\code\findbugs\jsr305\3.0.2\jsr305-3.0.2.jar;C:\Users\AkhilKamsani\.m2\repository\org\checkerframework\checker-qual\3.12.0\checker-qual-3.12.0.jar;C:\Users\AkhilKamsani\.m2\repository\com\google\errorprone\error_prone_annotations\2.11.0\error_prone_annotations-2.11.0.jar;C:\Users\AkhilKamsani\.m2\repository\com\google\j2objc\j2objc-annotations\1.3\j2objc-annotations-1.3.jar;C:\Users\AkhilKamsani\.m2\repository\org\jsoup\jsoup\1.15.3\jsoup-1.15.3.jar;C:\Users\AkhilKamsani\.m2\repository\org\apache\httpcomponents\httpclient\4.5.13\httpclient-4.5.13.jar;C:\Users\AkhilKamsani\.m2\repository\org\apache\httpcomponents\httpcore\4.4.13\httpcore-4.4.13.jar;C:\Users\AkhilKamsani\.m2\repository\commons-logging\commons-logging\1.2\commons-logging-1.2.jar;C:\Users\AkhilKamsani\.m2\repository\commons-codec\commons-codec\1.11\commons-codec-1.11.jar;C:\Users\AkhilKamsani\.m2\repository\com\google\code\gson\gson\2.8.9\gson-2.8.9.jar;C:\Users\AkhilKamsani\.m2\repository\commons-io\commons-io\2.7\commons-io-2.7.jar;C:\Users\AkhilKamsani\.m2\repository\org\apache\commons\commons-exec\1.3\commons-exec-1.3.jar;C:\Users\AkhilKamsani\.m2\repository\commons-lang\commons-lang\2.6\commons-lang-2.6.jar;C:\Users\AkhilKamsani\.m2\repository\io\appium\java-client\6.1.0\java-client-6.1.0.jar;C:\Users\AkhilKamsani\.m2\repository\cglib\cglib\3.2.6\cglib-3.2.6.jar;C:\Users\AkhilKamsani\.m2\repository\org\ow2\asm\asm\6.0\asm-6.0.jar;C:\Users\AkhilKamsani\.m2\repository\org\apache\ant\ant\1.9.6\ant-1.9.6.jar;C:\Users\AkhilKamsani\.m2\repository\org\apache\ant\ant-launcher\1.9.6\ant-launcher-1.9.6.jar;C:\Users\AkhilKamsani\.m2\repository\commons-validator\commons-validator\1.6\commons-validator-1.6.jar;C:\Users\AkhilKamsani\.m2\repository\commons-beanutils\commons-beanutils\1.9.2\commons-beanutils-1.9.2.jar;C:\Users\AkhilKamsani\.m2\repository\commons-digester\commons-digester\1.8.1\commons-digester-1.8.1.jar;C:\Users\AkhilKamsani\.m2\repository\org\apache\commons\commons-lang3\3.7\commons-lang3-3.7.jar;C:\Users\AkhilKamsani\.m2\repository\org\springframework\spring-context\5.0.5.RELEASE\spring-context-5.0.5.RELEASE.jar;C:\Users\AkhilKamsani\.m2\repository\org\springframework\spring-aop\5.0.5.RELEASE\spring-aop-5.0.5.RELEASE.jar;C:\Users\AkhilKamsani\.m2\repository\org\springframework\spring-beans\5.0.5.RELEASE\spring-beans-5.0.5.RELEASE.jar;C:\Users\AkhilKamsani\.m2\repository\org\springframework\spring-core\5.0.5.RELEASE\spring-core-5.0.5.RELEASE.jar;C:\Users\AkhilKamsani\.m2\repository\org\springframework\spring-jcl\5.0.5.RELEASE\spring-jcl-5.0.5.RELEASE.jar;C:\Users\AkhilKamsani\.m2\repository\org\springframework\spring-expression\5.0.5.RELEASE\spring-expression-5.0.5.RELEASE.jar;C:\Users\AkhilKamsani\.m2\repository\org\aspectj\aspectjweaver\1.9.1\aspectjweaver-1.9.1.jar;C:\Users\AkhilKamsani\.m2\repository\org\openpnp\opencv\3.2.0-1\opencv-3.2.0-1.jar;C:\Users\AkhilKamsani\.m2\repository\com\google\apis\google-api-services-gmail\v1-rev20181202-1.27.0\google-api-services-gmail-v1-rev20181202-1.27.0.jar;C:\Users\AkhilKamsani\.m2\repository\com\google\api-client\google-api-client\1.27.0\google-api-client-1.27.0.jar;C:\Users\AkhilKamsani\.m2\repository\com\google\oauth-client\google-oauth-client\1.27.0\google-oauth-client-1.27.0.jar;C:\Users\AkhilKamsani\.m2\repository\com\google\http-client\google-http-client\1.27.0\google-http-client-1.27.0.jar;C:\Users\AkhilKamsani\.m2\repository\com\google\http-client\google-http-client-jackson2\1.27.0\google-http-client-jackson2-1.27.0.jar;C:\Users\AkhilKamsani\.m2\repository\com\fasterxml\jackson\core\jackson-core\2.9.6\jackson-core-2.9.6.jar;C:\Users\AkhilKamsani\.m2\repository\com\google\oauth-client\google-oauth-client-jetty\1.27.0\google-oauth-client-jetty-1.27.0.jar;C:\Users\AkhilKamsani\.m2\repository\com\google\oauth-client\google-oauth-client-java6\1.27.0\google-oauth-client-java6-1.27.0.jar;C:\Users\AkhilKamsani\.m2\repository\org\mortbay\jetty\jetty\6.1.26\jetty-6.1.26.jar;C:\Users\AkhilKamsani\.m2\repository\org\mortbay\jetty\jetty-util\6.1.26\jetty-util-6.1.26.jar;C:\Users\AkhilKamsani\.m2\repository\org\mortbay\jetty\servlet-api\2.5-20081211\servlet-api-2.5-20081211.jar;C:\Users\AkhilKamsani\.m2\repository\javax\mail\mailapi\1.4.3\mailapi-1.4.3.jar;C:\Users\AkhilKamsani\.m2\repository\javax\activation\activation\1.1\activation-1.1.jar;C:\Users\AkhilKamsani\.m2\repository\com\google\zxing\javase\3.4.0\javase-3.4.0.jar;C:\Users\AkhilKamsani\.m2\repository\com\google\zxing\core\3.4.0\core-3.4.0.jar;C:\Users\AkhilKamsani\.m2\repository\com\github\jai-imageio\jai-imageio-core\1.4.0\jai-imageio-core-1.4.0.jar;C:\Users\AkhilKamsani\.m2\repository\org\bytedeco\javacpp-presets\tesseract\3.04-1.1\tesseract-3.04-1.1.jar;C:\Users\AkhilKamsani\.m2\repository\org\bytedeco\javacpp-presets\leptonica\1.72-1.1\leptonica-1.72-1.1.jar;C:\Users\AkhilKamsani\.m2\repository\org\bytedeco\javacpp-presets\leptonica\1.72-1.1\leptonica-1.72-1.1-windows-x86_64.jar;C:\Users\AkhilKamsani\.m2\repository\org\bytedeco\javacpp\1.1\javacpp-1.1.jar;C:\Users\AkhilKamsani\.m2\repository\org\bytedeco\javacpp-presets\tesseract\3.04-1.1\tesseract-3.04-1.1-windows-x86_64.jar;C:\Users\AkhilKamsani\.m2\repository\net\sourceforge\tess4j\tess4j\3.0.0\tess4j-3.0.0.jar;C:\Users\AkhilKamsani\.m2\repository\net\java\dev\jna\jna\4.2.1\jna-4.2.1.jar;C:\Users\AkhilKamsani\.m2\repository\org\ghost4j\ghost4j\1.0.0\ghost4j-1.0.0.jar;C:\Users\AkhilKamsani\.m2\repository\org\apache\xmlgraphics\xmlgraphics-commons\1.4\xmlgraphics-commons-1.4.jar;C:\Users\AkhilKamsani\.m2\repository\com\lowagie\itext\2.1.7\itext-2.1.7.jar;C:\Users\AkhilKamsani\.m2\repository\net\sourceforge\lept4j\lept4j\1.0.1\lept4j-1.0.1.jar;C:\Users\AkhilKamsani\.m2\repository\org\rococoa\rococoa-core\0.5\rococoa-core-0.5.jar;C:\Users\AkhilKamsani\.m2\repository\org\slf4j\jul-to-slf4j\1.7.13\jul-to-slf4j-1.7.13.jar;C:\Users\AkhilKamsani\.m2\repository\org\slf4j\jcl-over-slf4j\1.7.13\jcl-over-slf4j-1.7.13.jar;C:\Users\AkhilKamsani\.m2\repository\org\slf4j\log4j-over-slf4j\1.7.13\log4j-over-slf4j-1.7.13.jar;C:\Users\AkhilKamsani\.m2\repository\net\java\dev\jna\platform\3.4.0\platform-3.4.0.jar;C:\Users\AkhilKamsani\.m2\repository\org\apache\clerezza\ext\org.json.simple\0.4\org.json.simple-0.4.jar;C:\Users\AkhilKamsani\.m2\repository\org\apache\poi\poi-ooxml\5.0.0\poi-ooxml-5.0.0.jar;C:\Users\AkhilKamsani\.m2\repository\org\apache\poi\poi\5.0.0\poi-5.0.0.jar;C:\Users\AkhilKamsani\.m2\repository\org\apache\commons\commons-collections4\4.4\commons-collections4-4.4.jar;C:\Users\AkhilKamsani\.m2\repository\org\apache\commons\commons-math3\3.6.1\commons-math3-3.6.1.jar;C:\Users\AkhilKamsani\.m2\repository\com\zaxxer\SparseBitSet\1.2\SparseBitSet-1.2.jar;C:\Users\AkhilKamsani\.m2\repository\org\apache\poi\poi-ooxml-lite\5.0.0\poi-ooxml-lite-5.0.0.jar;C:\Users\AkhilKamsani\.m2\repository\org\apache\xmlbeans\xmlbeans\4.0.0\xmlbeans-4.0.0.jar;C:\Users\AkhilKamsani\.m2\repository\org\apache\commons\commons-compress\1.20\commons-compress-1.20.jar;C:\Users\AkhilKamsani\.m2\repository\com\github\virtuald\curvesapi\1.06\curvesapi-1.06.jar;C:\Users\AkhilKamsani\.m2\repository\org\bouncycastle\bcpkix-jdk15on\1.68\bcpkix-jdk15on-1.68.jar;C:\Users\AkhilKamsani\.m2\repository\org\bouncycastle\bcprov-jdk15on\1.68\bcprov-jdk15on-1.68.jar;C:\Users\AkhilKamsani\.m2\repository\org\apache\santuario\xmlsec\2.2.1\xmlsec-2.2.1.jar;C:\Users\AkhilKamsani\.m2\repository\com\fasterxml\woodstox\woodstox-core\5.2.1\woodstox-core-5.2.1.jar;C:\Users\AkhilKamsani\.m2\repository\org\codehaus\woodstox\stax2-api\4.2\stax2-api-4.2.jar;C:\Users\AkhilKamsani\.m2\repository\org\apache\xmlgraphics\batik-all\1.13\batik-all-1.13.jar;C:\Users\AkhilKamsani\.m2\repository\org\apache\xmlgraphics\batik-anim\1.13\batik-anim-1.13.jar;C:\Users\AkhilKamsani\.m2\repository\org\apache\xmlgraphics\batik-shared-resources\1.13\batik-shared-resources-1.13.jar;C:\Users\AkhilKamsani\.m2\repository\xml-apis\xml-apis-ext\1.3.04\xml-apis-ext-1.3.04.jar;C:\Users\AkhilKamsani\.m2\repository\org\apache\xmlgraphics\batik-awt-util\1.13\batik-awt-util-1.13.jar;C:\Users\AkhilKamsani\.m2\repository\org\apache\xmlgraphics\batik-bridge\1.13\batik-bridge-1.13.jar;C:\Users\AkhilKamsani\.m2\repository\org\apache\xmlgraphics\batik-codec\1.13\batik-codec-1.13.jar;C:\Users\AkhilKamsani\.m2\repository\org\apache\xmlgraphics\batik-constants\1.13\batik-constants-1.13.jar;C:\Users\AkhilKamsani\.m2\repository\org\apache\xmlgraphics\batik-css\1.13\batik-css-1.13.jar;C:\Users\AkhilKamsani\.m2\repository\org\apache\xmlgraphics\batik-dom\1.13\batik-dom-1.13.jar;C:\Users\AkhilKamsani\.m2\repository\org\apache\xmlgraphics\batik-ext\1.13\batik-ext-1.13.jar;C:\Users\AkhilKamsani\.m2\repository\org\apache\xmlgraphics\batik-extension\1.13\batik-extension-1.13.jar;C:\Users\AkhilKamsani\.m2\repository\org\apache\xmlgraphics\batik-gui-util\1.13\batik-gui-util-1.13.jar;C:\Users\AkhilKamsani\.m2\repository\org\apache\xmlgraphics\batik-gvt\1.13\batik-gvt-1.13.jar;C:\Users\AkhilKamsani\.m2\repository\org\apache\xmlgraphics\batik-i18n\1.13\batik-i18n-1.13.jar;C:\Users\AkhilKamsani\.m2\repository\org\apache\xmlgraphics\batik-parser\1.13\batik-parser-1.13.jar;C:\Users\AkhilKamsani\.m2\repository\org\apache\xmlgraphics\batik-rasterizer-ext\1.13\batik-rasterizer-ext-1.13.jar;C:\Users\AkhilKamsani\.m2\repository\org\apache\xmlgraphics\batik-rasterizer\1.13\batik-rasterizer-1.13.jar;C:\Users\AkhilKamsani\.m2\repository\org\apache\xmlgraphics\batik-script\1.13\batik-script-1.13.jar;C:\Users\AkhilKamsani\.m2\repository\org\apache\xmlgraphics\batik-slideshow\1.13\batik-slideshow-1.13.jar;C:\Users\AkhilKamsani\.m2\repository\org\apache\xmlgraphics\batik-squiggle-ext\1.13\batik-squiggle-ext-1.13.jar;C:\Users\AkhilKamsani\.m2\repository\org\apache\xmlgraphics\batik-squiggle\1.13\batik-squiggle-1.13.jar;C:\Users\AkhilKamsani\.m2\repository\org\apache\xmlgraphics\batik-svg-dom\1.13\batik-svg-dom-1.13.jar;C:\Users\AkhilKamsani\.m2\repository\org\apache\xmlgraphics\batik-svgbrowser\1.13\batik-svgbrowser-1.13.jar;C:\Users\AkhilKamsani\.m2\repository\org\apache\xmlgraphics\batik-svggen\1.13\batik-svggen-1.13.jar;C:\Users\AkhilKamsani\.m2\repository\org\apache\xmlgraphics\batik-svgpp\1.13\batik-svgpp-1.13.jar;C:\Users\AkhilKamsani\.m2\repository\org\apache\xmlgraphics\batik-svgrasterizer\1.13\batik-svgrasterizer-1.13.jar;C:\Users\AkhilKamsani\.m2\repository\org\apache\xmlgraphics\batik-swing\1.13\batik-swing-1.13.jar;C:\Users\AkhilKamsani\.m2\repository\org\apache\xmlgraphics\batik-transcoder\1.13\batik-transcoder-1.13.jar;C:\Users\AkhilKamsani\.m2\repository\org\apache\xmlgraphics\batik-util\1.13\batik-util-1.13.jar;C:\Users\AkhilKamsani\.m2\repository\org\apache\xmlgraphics\batik-ttf2svg\1.13\batik-ttf2svg-1.13.jar;C:\Users\AkhilKamsani\.m2\repository\org\apache\xmlgraphics\batik-xml\1.13\batik-xml-1.13.jar;C:\Users\AkhilKamsani\.m2\repository\de\rototor\pdfbox\graphics2d\0.30\graphics2d-0.30.jar;C:\Users\AkhilKamsani\.m2\repository\org\apache\pdfbox\pdfbox\2.0.22\pdfbox-2.0.22.jar;C:\Users\AkhilKamsani\.m2\repository\org\apache\pdfbox\fontbox\2.0.22\fontbox-2.0.22.jar;C:\Users\AkhilKamsani\.m2\repository\com\opencsv\opencsv\3.3\opencsv-3.3.jar;C:\Users\AkhilKamsani\.m2\repository\com\googlecode\json-simple\json-simple\1.1.1\json-simple-1.1.1.jar;"/>
    <property name="sun.cpu.endian" value="little"/>
    <property name="user.home" value="C:\Users\AkhilKamsani"/>
    <property name="user.language" value="en"/>
    <property name="java.specification.vendor" value="Oracle Corporation"/>
    <property name="java.home" value="C:\Program Files\Java\jdk1.8.0_341\jre"/>
    <property name="basedir" value="D:\AIMS360_Testing\runway\sourcecode\QA\ui-automation\webuitest"/>
    <property name="file.separator" value="\"/>
    <property name="line.separator" value="&#10;"/>
    <property name="java.vm.specification.vendor" value="Oracle Corporation"/>
    <property name="java.specification.name" value="Java Platform API Specification"/>
    <property name="java.awt.graphicsenv" value="sun.awt.Win32GraphicsEnvironment"/>
    <property name="surefire.real.class.path" value="C:\Users\AKHILK~1\AppData\Local\Temp\surefire8585536864419336945\surefirebooter4137263835785678010.jar"/>
    <property name="sun.boot.class.path" value="C:\Program Files\Java\jdk1.8.0_341\jre\lib\resources.jar;C:\Program Files\Java\jdk1.8.0_341\jre\lib\rt.jar;C:\Program Files\Java\jdk1.8.0_341\jre\lib\jsse.jar;C:\Program Files\Java\jdk1.8.0_341\jre\lib\jce.jar;C:\Program Files\Java\jdk1.8.0_341\jre\lib\charsets.jar;C:\Program Files\Java\jdk1.8.0_341\jre\lib\jfr.jar;C:\Program Files\Java\jdk1.8.0_341\jre\classes"/>
    <property name="user.script" value=""/>
    <property name="sun.management.compiler" value="HotSpot 64-Bit Tiered Compilers"/>
    <property name="java.runtime.version" value="1.8.0_341-b10"/>
    <property name="user.name" value="AkhilKamsani"/>
    <property name="path.separator" value=";"/>
    <property name="os.version" value="10.0"/>
    <property name="java.endorsed.dirs" value="C:\Program Files\Java\jdk1.8.0_341\jre\lib\endorsed"/>
    <property name="java.runtime.name" value="Java(TM) SE Runtime Environment"/>
    <property name="file.encoding" value="Cp1252"/>
    <property name="java.vm.name" value="Java HotSpot(TM) 64-Bit Server VM"/>
    <property name="localRepository" value="C:\Users\AkhilKamsani\.m2\repository"/>
    <property name="java.vendor.url.bug" value="http://bugreport.sun.com/bugreport/"/>
    <property name="java.io.tmpdir" value="C:\Users\AKHILK~1\AppData\Local\Temp\"/>
    <property name="java.version" value="1.8.0_341"/>
    <property name="user.dir" value="D:\AIMS360_Testing\runway\sourcecode\QA\ui-automation\webuitest"/>
    <property name="os.arch" value="amd64"/>
    <property name="java.vm.specification.name" value="Java Virtual Machine Specification"/>
    <property name="java.awt.printerjob" value="sun.awt.windows.WPrinterJob"/>
    <property name="sun.os.patch.level" value=""/>
    <property name="java.library.path" value="C:\Program Files\Java\jdk1.8.0_341\jre\bin;C:\WINDOWS\Sun\Java\bin;C:\WINDOWS\system32;C:\WINDOWS;C:\Program Files (x86)\Common Files\Oracle\Java\javapath;C:\WINDOWS\system32;C:\WINDOWS;C:\WINDOWS\System32\Wbem;C:\WINDOWS\System32\WindowsPowerShell\v1.0\;C:\WINDOWS\System32\OpenSSH\;C:\Program Files\Java\jdk1.8.0_341\bin;C:\Program Files\Git\cmd;C:\Users\AkhilKamsani\Downloads\apache-maven-3.8.1-bin\apache-maven-3.8.1\bin;C:\Program Files\nodejs\;C:\Users\AkhilKamsani\AppData\Local\Microsoft\WindowsApps;;C:\Users\AkhilKamsani\AppData\Local\Programs\Microsoft VS Code\bin;C:\Users\AkhilKamsani\AppData\Roaming\npm;."/>
    <property name="java.vm.info" value="mixed mode"/>
    <property name="java.vendor" value="Oracle Corporation"/>
    <property name="java.vm.version" value="25.341-b10"/>
    <property name="java.ext.dirs" value="C:\Program Files\Java\jdk1.8.0_341\jre\lib\ext;C:\WINDOWS\Sun\Java\lib\ext"/>
    <property name="sun.io.unicode.encoding" value="UnicodeLittle"/>
    <property name="java.class.version" value="52.0"/>
  </properties>
  <testcase name="syncDataUITest" classname="com.runway.test.ui.SyncData" time="48.421"/>
  <testcase name="syncDataLableTest" classname="com.runway.test.ui.SyncData" time="3.207"/>
  <testcase name="syncStatus" classname="com.runway.test.ui.SyncData" time="31.361"/>
  <testcase name="jobTriggeredTimeTest" classname="com.runway.test.ui.SyncData" time="129.124"/>
  <testcase name="syncDataSuccessStatusTest" classname="com.runway.test.ui.SyncData" time="24.338"/>
  <testcase name="syncDataFailedStatusTest" classname="com.runway.test.ui.SyncData" time="21.776"/>
  <testcase name="reprocessTestForFailedNoPODetails" classname="com.runway.test.ui.SyncData" time="18.91"/>
  <testcase name="reprocessForFailedJobs" classname="com.runway.test.ui.SyncData" time="3.169"/>
</testsuite>