<?xml version="1.0" encoding="UTF-8"?>
<!-- Generated by org.testng.reporters.JUnitReportReporter -->
<testsuite skipped="0" hostname="Nexgen84" name="com.runway.test.ui.SyncData" tests="8" failures="0" timestamp="2022-12-14T16:57:14 IST" time="280.318" errors="0">
  <testcase name="syncDataUITest" time="48.417" classname="com.runway.test.ui.SyncData"/>
  <testcase name="syncDataLableTest" time="3.222" classname="com.runway.test.ui.SyncData"/>
  <testcase name="syncStatus" time="31.355" classname="com.runway.test.ui.SyncData"/>
  <testcase name="jobTriggeredTimeTest" time="128.391" classname="com.runway.test.ui.SyncData"/>
  <testcase name="syncDataSuccessStatusTest" time="25.076" classname="com.runway.test.ui.SyncData"/>
  <testcase name="syncDataFailedStatusTest" time="21.775" classname="com.runway.test.ui.SyncData"/>
  <testcase name="reprocessTestForFailedNoPODetails" time="18.914" classname="com.runway.test.ui.SyncData"/>
  <testcase name="reprocessForFailedJobs" time="3.168" classname="com.runway.test.ui.SyncData"/>
</testsuite> <!-- com.runway.test.ui.SyncData -->
